Files already downloaded and verified
Files already downloaded and verified
Beginning training from epoch: 1
Train Loss 0.236
Train Loss 10.260
Train Loss 2.335
Train Loss 2.239
Train Loss 2.235
Train Loss 2.199
Train Loss 2.204
Train Loss 2.193
Epoch   1 | Time    39 | Train Loss 2.1841 | Test Loss 0.002 | Test Error 79.71
Train Loss 0.216
Train Loss 2.155
Train Loss 2.177
Train Loss 2.173
Train Loss 2.146
Train Loss 2.136
Train Loss 2.125
Train Loss 2.112
Epoch   2 | Time    38 | Train Loss 2.1283 | Test Loss 0.002 | Test Error 77.34
Train Loss 0.212
Train Loss 2.085
Train Loss 2.109
Train Loss 2.106
Train Loss 2.116
Train Loss 2.102
Train Loss 2.101
Train Loss 2.062
Epoch   3 | Time    38 | Train Loss 2.0630 | Test Loss 0.002 | Test Error 73.97
Train Loss 0.215
Train Loss 2.049
Train Loss 2.049
Train Loss 2.046
Train Loss 2.021
Train Loss 2.034
Train Loss 2.027
Train Loss 2.017
Epoch   4 | Time    38 | Train Loss 2.0078 | Test Loss 0.002 | Test Error 73.46
Train Loss 0.207
Train Loss 1.992
Train Loss 2.002
Train Loss 2.005
Train Loss 2.007
Train Loss 1.979
Train Loss 1.966
Train Loss 1.960
Epoch   5 | Time    38 | Train Loss 1.9573 | Test Loss 0.002 | Test Error 70.77
Train Loss 0.195
Train Loss 1.938
Train Loss 1.914
Train Loss 1.943
Train Loss 1.931
Train Loss 1.923
Train Loss 1.913
Train Loss 1.890
Epoch   6 | Time    38 | Train Loss 1.9148 | Test Loss 0.002 | Test Error 62.98
Train Loss 0.180
Train Loss 1.922
Train Loss 1.869
Train Loss 1.884
Train Loss 1.888
Train Loss 1.880
Train Loss 1.865
Train Loss 1.860
Epoch   7 | Time    38 | Train Loss 1.8759 | Test Loss 0.002 | Test Error 63.16
Train Loss 0.188
Train Loss 1.829
Train Loss 1.871
Train Loss 1.843
Train Loss 1.842
Train Loss 1.827
Train Loss 1.841
Train Loss 1.819
Epoch   8 | Time    38 | Train Loss 1.7995 | Test Loss 0.002 | Test Error 61.63
Train Loss 0.199
Train Loss 1.762
Train Loss 1.801
Train Loss 1.796
Train Loss 1.798
Train Loss 1.755
Train Loss 1.798
Train Loss 1.775
Epoch   9 | Time    38 | Train Loss 1.7636 | Test Loss 0.002 | Test Error 57.06
Train Loss 0.180
Train Loss 1.761
Train Loss 1.754
Train Loss 1.774
Train Loss 1.747
Train Loss 1.765
Train Loss 1.796
Train Loss 1.720
Epoch  10 | Time    38 | Train Loss 1.7706 | Test Loss 0.002 | Test Error 55.14
Train Loss 0.184
Train Loss 1.729
Train Loss 1.764
Train Loss 1.740
Train Loss 1.743
Train Loss 1.739
Train Loss 1.750
Train Loss 1.735
Epoch  11 | Time    38 | Train Loss 1.7030 | Test Loss 0.002 | Test Error 56.27
Train Loss 0.174
Train Loss 1.742
Train Loss 1.739
Train Loss 1.705
Train Loss 1.750
Train Loss 1.738
Train Loss 1.678
Train Loss 1.723
Epoch  12 | Time    38 | Train Loss 1.7049 | Test Loss 0.001 | Test Error 53.02
Train Loss 0.165
Train Loss 1.672
Train Loss 1.670
Train Loss 1.735
Train Loss 1.730
Train Loss 1.700
Train Loss 1.706
Train Loss 1.691
Epoch  13 | Time    38 | Train Loss 1.7300 | Test Loss 0.002 | Test Error 52.54
Train Loss 0.163
Train Loss 1.649
Train Loss 1.705
Train Loss 1.682
Train Loss 1.713
Train Loss 1.693
Train Loss 1.707
Train Loss 1.720
Epoch  14 | Time    38 | Train Loss 1.7295 | Test Loss 0.002 | Test Error 52.32
Train Loss 0.172
Train Loss 1.694
Train Loss 1.704
Train Loss 1.642
Train Loss 1.705
Train Loss 1.658
Train Loss 1.684
Train Loss 1.683
Epoch  15 | Time    38 | Train Loss 1.6866 | Test Loss 0.001 | Test Error 50.68
Train Loss 0.158
Train Loss 1.682
Train Loss 1.658
Train Loss 1.663
Train Loss 1.665
Train Loss 1.638
Train Loss 1.661
Train Loss 1.679
Epoch  16 | Time    38 | Train Loss 1.6368 | Test Loss 0.001 | Test Error 51.20
Train Loss 0.155
Train Loss 1.656
Train Loss 1.656
Train Loss 1.664
Train Loss 1.679
Train Loss 1.675
Train Loss 1.673
Train Loss 1.662
Epoch  17 | Time    38 | Train Loss 1.6649 | Test Loss 0.001 | Test Error 54.19
Train Loss 0.170
Train Loss 1.648
Train Loss 1.661
Train Loss 1.629
Train Loss 1.645
Train Loss 1.644
Train Loss 1.653
Train Loss 1.637
Epoch  18 | Time    38 | Train Loss 1.6389 | Test Loss 0.001 | Test Error 50.24
Train Loss 0.164
Train Loss 1.636
Train Loss 1.646
Train Loss 1.651
Train Loss 1.665
Train Loss 1.635
Train Loss 1.692
Train Loss 1.642
Epoch  19 | Time    38 | Train Loss 1.6471 | Test Loss 0.001 | Test Error 51.28
Train Loss 0.162
Train Loss 1.657
Train Loss 1.643
Train Loss 1.652
Train Loss 1.646
Train Loss 1.636
Train Loss 1.607
Train Loss 1.631
Epoch  20 | Time    38 | Train Loss 1.6428 | Test Loss 0.001 | Test Error 51.32
Train Loss 0.166
Train Loss 1.619
Train Loss 1.625
Train Loss 1.646
Train Loss 1.644
Train Loss 1.634
Train Loss 1.620
Train Loss 1.623
Epoch  21 | Time    38 | Train Loss 1.6147 | Test Loss 0.001 | Test Error 49.03
Train Loss 0.161
Train Loss 1.604
Train Loss 1.616
Train Loss 1.631
Train Loss 1.657
Train Loss 1.632
Train Loss 1.617
Train Loss 1.623
Epoch  22 | Time    38 | Train Loss 1.6396 | Test Loss 0.001 | Test Error 47.94
Train Loss 0.150
Train Loss 1.601
Train Loss 1.652
Train Loss 1.589
Train Loss 1.614
Train Loss 1.593
Train Loss 1.616
Train Loss 1.643
Epoch  23 | Time    38 | Train Loss 1.6343 | Test Loss 0.001 | Test Error 48.23
Train Loss 0.166
Train Loss 1.593
Train Loss 1.602
Train Loss 1.575
Train Loss 1.595
Train Loss 1.616
Train Loss 1.595
Train Loss 1.594
Epoch  24 | Time    38 | Train Loss 1.6095 | Test Loss 0.001 | Test Error 48.69
Train Loss 0.155
Train Loss 1.609
Train Loss 1.612
Train Loss 1.597
Train Loss 1.609
Train Loss 1.567
Train Loss 1.599
Train Loss 1.612
Epoch  25 | Time    38 | Train Loss 1.6160 | Test Loss 0.001 | Test Error 47.42
Train Loss 0.153
Train Loss 1.567
Train Loss 1.623
Train Loss 1.596
Train Loss 1.595
Train Loss 1.592
Train Loss 1.595
Train Loss 1.619
Epoch  26 | Time    38 | Train Loss 1.6045 | Test Loss 0.001 | Test Error 49.12
Train Loss 0.165
Train Loss 1.564
Train Loss 1.578
Train Loss 1.591
Train Loss 1.623
Train Loss 1.575
Train Loss 1.620
Train Loss 1.580
Epoch  27 | Time    38 | Train Loss 1.5757 | Test Loss 0.001 | Test Error 48.37
Train Loss 0.147
Train Loss 1.587
Train Loss 1.576
Train Loss 1.603
Train Loss 1.605
Train Loss 1.593
Train Loss 1.572
Train Loss 1.566
Epoch  28 | Time    38 | Train Loss 1.5830 | Test Loss 0.001 | Test Error 47.23
Train Loss 0.149
Train Loss 1.613
Train Loss 1.574
Train Loss 1.588
Train Loss 1.608
Train Loss 1.595
Train Loss 1.601
Train Loss 1.594
Epoch  29 | Time    38 | Train Loss 1.6120 | Test Loss 0.001 | Test Error 48.83
Train Loss 0.152
Train Loss 1.596
Train Loss 1.595
Train Loss 1.572
Train Loss 1.597
Train Loss 1.557
Train Loss 1.580
Train Loss 1.594
Epoch  30 | Time    38 | Train Loss 1.5896 | Test Loss 0.001 | Test Error 47.75
Train Loss 0.161
Train Loss 1.555
Train Loss 1.596
Train Loss 1.593
Train Loss 1.581
Train Loss 1.612
Train Loss 1.589
Train Loss 1.576
Epoch  31 | Time    38 | Train Loss 1.5895 | Test Loss 0.001 | Test Error 48.16
Train Loss 0.161
Train Loss 1.571
Train Loss 1.600
Train Loss 1.563
Train Loss 1.599
Train Loss 1.595
Train Loss 1.602
Train Loss 1.581
Epoch  32 | Time    38 | Train Loss 1.5506 | Test Loss 0.001 | Test Error 47.71
Train Loss 0.143
Train Loss 1.554
Train Loss 1.589
Train Loss 1.562
Train Loss 1.595
Train Loss 1.602
Train Loss 1.571
Train Loss 1.573
Epoch  33 | Time    38 | Train Loss 1.5645 | Test Loss 0.001 | Test Error 47.27
Train Loss 0.166
Train Loss 1.537
Train Loss 1.573
Train Loss 1.562
Train Loss 1.579
Train Loss 1.589
Train Loss 1.579
Train Loss 1.581
Epoch  34 | Time    38 | Train Loss 1.5596 | Test Loss 0.001 | Test Error 46.20
Train Loss 0.164
Train Loss 1.571
Train Loss 1.569
Train Loss 1.587
Train Loss 1.576
Train Loss 1.556
Train Loss 1.558
Train Loss 1.580
Epoch  35 | Time    38 | Train Loss 1.5708 | Test Loss 0.001 | Test Error 46.91
Train Loss 0.166
Train Loss 1.549
Train Loss 1.568
Train Loss 1.575
Train Loss 1.549
Train Loss 1.596
Train Loss 1.587
Train Loss 1.569
Epoch  36 | Time    38 | Train Loss 1.5527 | Test Loss 0.001 | Test Error 45.98
Train Loss 0.148
Train Loss 1.533
Train Loss 1.575
Train Loss 1.590
Train Loss 1.536
Train Loss 1.554
Train Loss 1.546
Train Loss 1.592
Epoch  37 | Time    38 | Train Loss 1.5722 | Test Loss 0.001 | Test Error 47.17
Train Loss 0.168
Train Loss 1.572
Train Loss 1.605
Train Loss 1.565
Train Loss 1.534
Train Loss 1.571
Train Loss 1.552
Train Loss 1.562
Epoch  38 | Time    38 | Train Loss 1.5602 | Test Loss 0.001 | Test Error 47.76
Train Loss 0.153
Train Loss 1.573
Train Loss 1.562
Train Loss 1.554
Train Loss 1.556
Train Loss 1.574
Train Loss 1.575
Train Loss 1.566
Epoch  39 | Time    38 | Train Loss 1.5731 | Test Loss 0.001 | Test Error 45.68
Train Loss 0.154
Train Loss 1.533
Train Loss 1.563
Train Loss 1.562
Train Loss 1.560
Train Loss 1.565
Train Loss 1.558
Train Loss 1.535
Epoch  40 | Time    38 | Train Loss 1.5273 | Test Loss 0.001 | Test Error 46.74
Train Loss 0.154
Train Loss 1.534
Train Loss 1.521
Train Loss 1.566
Train Loss 1.541
Train Loss 1.554
Train Loss 1.541
Train Loss 1.533
Epoch  41 | Time    38 | Train Loss 1.5653 | Test Loss 0.001 | Test Error 45.76
Train Loss 0.151
Train Loss 1.533
Train Loss 1.522
Train Loss 1.556
Train Loss 1.566
Train Loss 1.569
Train Loss 1.567
Train Loss 1.571
Epoch  42 | Time    38 | Train Loss 1.5584 | Test Loss 0.001 | Test Error 47.44
Train Loss 0.160
Train Loss 1.556
Train Loss 1.517
Train Loss 1.548
Train Loss 1.527
Train Loss 1.547
Train Loss 1.522
Train Loss 1.551
Epoch  43 | Time    38 | Train Loss 1.5464 | Test Loss 0.001 | Test Error 46.10
Train Loss 0.150
Train Loss 1.551
Train Loss 1.544
Train Loss 1.542
Train Loss 1.550
Train Loss 1.543
Train Loss 1.549
Train Loss 1.576
Epoch  44 | Time    38 | Train Loss 1.5544 | Test Loss 0.001 | Test Error 46.49
Train Loss 0.155
Train Loss 1.554
Train Loss 1.561
Train Loss 1.572
Train Loss 1.555
Train Loss 1.532
Train Loss 1.543
Train Loss 1.565
Epoch  45 | Time    38 | Train Loss 1.4909 | Test Loss 0.001 | Test Error 46.20
Train Loss 0.163
Train Loss 1.512
Train Loss 1.532
Train Loss 1.559
Train Loss 1.519
Train Loss 1.538
Train Loss 1.551
Train Loss 1.500
Epoch  46 | Time    38 | Train Loss 1.5034 | Test Loss 0.001 | Test Error 46.36
Train Loss 0.170
Train Loss 1.519
Train Loss 1.554
Train Loss 1.551
Train Loss 1.543
Train Loss 1.544
Train Loss 1.521
Train Loss 1.512
Epoch  47 | Time    38 | Train Loss 1.4859 | Test Loss 0.001 | Test Error 46.93
Train Loss 0.157
Train Loss 1.527
Train Loss 1.525
Train Loss 1.574
Train Loss 1.524
Train Loss 1.529
Train Loss 1.508
Train Loss 1.537
Epoch  48 | Time    38 | Train Loss 1.5325 | Test Loss 0.001 | Test Error 45.40
Train Loss 0.156
Train Loss 1.518
Train Loss 1.527
Train Loss 1.527
Train Loss 1.522
Train Loss 1.539
Train Loss 1.544
Train Loss 1.517
Epoch  49 | Time    38 | Train Loss 1.5074 | Test Loss 0.001 | Test Error 45.43
Train Loss 0.157
Train Loss 1.516
Train Loss 1.547
Train Loss 1.526
Train Loss 1.549
Train Loss 1.501
Train Loss 1.517
Train Loss 1.518
Epoch  50 | Time    38 | Train Loss 1.5259 | Test Loss 0.001 | Test Error 44.58
Train Loss 0.150
Train Loss 1.527
Train Loss 1.535
Train Loss 1.528
Train Loss 1.497
Train Loss 1.529
Train Loss 1.512
Train Loss 1.520
Epoch  51 | Time    38 | Train Loss 1.5309 | Test Loss 0.001 | Test Error 44.90
Train Loss 0.157
Train Loss 1.506
Train Loss 1.524
Train Loss 1.509
Train Loss 1.539
Train Loss 1.514
Train Loss 1.519
Train Loss 1.504
Epoch  52 | Time    38 | Train Loss 1.5535 | Test Loss 0.001 | Test Error 44.34
Train Loss 0.144
Train Loss 1.511
Train Loss 1.495
Train Loss 1.524
Train Loss 1.501
Train Loss 1.541
Train Loss 1.522
Train Loss 1.531
Epoch  53 | Time    38 | Train Loss 1.5365 | Test Loss 0.001 | Test Error 45.27
Train Loss 0.150
Train Loss 1.501
Train Loss 1.525
Train Loss 1.508
Train Loss 1.512
Train Loss 1.528
Train Loss 1.520
Train Loss 1.545
Epoch  54 | Time    38 | Train Loss 1.5211 | Test Loss 0.001 | Test Error 44.07
Train Loss 0.153
Train Loss 1.502
Train Loss 1.504
Train Loss 1.502
Train Loss 1.497
Train Loss 1.524
Train Loss 1.539
Train Loss 1.503
Epoch  55 | Time    38 | Train Loss 1.5373 | Test Loss 0.001 | Test Error 44.95
Train Loss 0.152
Train Loss 1.477
Train Loss 1.515
Train Loss 1.480
Train Loss 1.499
Train Loss 1.549
Train Loss 1.524
Train Loss 1.477
Epoch  56 | Time    38 | Train Loss 1.5222 | Test Loss 0.001 | Test Error 46.00
Train Loss 0.147
Train Loss 1.520
Train Loss 1.527
Train Loss 1.512
Train Loss 1.485
Train Loss 1.519
Train Loss 1.494
Train Loss 1.486
Epoch  57 | Time    38 | Train Loss 1.5178 | Test Loss 0.001 | Test Error 44.94
Train Loss 0.162
Train Loss 1.473
Train Loss 1.546
Train Loss 1.482
Train Loss 1.504
Train Loss 1.496
Train Loss 1.508
Train Loss 1.494
Epoch  58 | Time    38 | Train Loss 1.5026 | Test Loss 0.001 | Test Error 44.96
Train Loss 0.155
Train Loss 1.496
Train Loss 1.475
Train Loss 1.503
Train Loss 1.481
Train Loss 1.514
Train Loss 1.490
Train Loss 1.492
Epoch  59 | Time    38 | Train Loss 1.4895 | Test Loss 0.001 | Test Error 43.70
Train Loss 0.140
Train Loss 1.451
Train Loss 1.489
Train Loss 1.492
Train Loss 1.467
Train Loss 1.496
Train Loss 1.533
Train Loss 1.502
Epoch  60 | Time    38 | Train Loss 1.5135 | Test Loss 0.001 | Test Error 45.43
Train Loss 0.158
Train Loss 1.504
Train Loss 1.479
Train Loss 1.493
Train Loss 1.502
Train Loss 1.479
Train Loss 1.476
Train Loss 1.481
Epoch  61 | Time    38 | Train Loss 1.5035 | Test Loss 0.001 | Test Error 44.08
Train Loss 0.152
Train Loss 1.492
Train Loss 1.489
Train Loss 1.510
Train Loss 1.514
Train Loss 1.495
Train Loss 1.490
Train Loss 1.504
Epoch  62 | Time    38 | Train Loss 1.4830 | Test Loss 0.001 | Test Error 45.58
Train Loss 0.143
Train Loss 1.466
Train Loss 1.491
Train Loss 1.501
Train Loss 1.462
Train Loss 1.474
Train Loss 1.477
Train Loss 1.466
Epoch  63 | Time    38 | Train Loss 1.4760 | Test Loss 0.001 | Test Error 43.80
Train Loss 0.153
Train Loss 1.477
Train Loss 1.490
Train Loss 1.490
Train Loss 1.474
Train Loss 1.485
Train Loss 1.475
Train Loss 1.482
Epoch  64 | Time    38 | Train Loss 1.5227 | Test Loss 0.001 | Test Error 46.59
Train Loss 0.155
Train Loss 1.471
Train Loss 1.486
Train Loss 1.497
Train Loss 1.500
Train Loss 1.458
Train Loss 1.470
Train Loss 1.449
Epoch  65 | Time    38 | Train Loss 1.5214 | Test Loss 0.001 | Test Error 43.86
Train Loss 0.159
Train Loss 1.497
Train Loss 1.484
Train Loss 1.454
Train Loss 1.459
Train Loss 1.450
Train Loss 1.490
Train Loss 1.432
Epoch  66 | Time    38 | Train Loss 1.4817 | Test Loss 0.001 | Test Error 44.24
Train Loss 0.149
Train Loss 1.457
Train Loss 1.482
Train Loss 1.472
Train Loss 1.506
Train Loss 1.443
Train Loss 1.489
Train Loss 1.476
Epoch  67 | Time    38 | Train Loss 1.4686 | Test Loss 0.001 | Test Error 43.55
Train Loss 0.142
Train Loss 1.435
Train Loss 1.498
Train Loss 1.480
Train Loss 1.474
Train Loss 1.462
Train Loss 1.486
Train Loss 1.466
Epoch  68 | Time    38 | Train Loss 1.4864 | Test Loss 0.001 | Test Error 42.97
Train Loss 0.148
Train Loss 1.432
Train Loss 1.456
Train Loss 1.431
Train Loss 1.447
Train Loss 1.471
Train Loss 1.479
Train Loss 1.449
Epoch  69 | Time    38 | Train Loss 1.4432 | Test Loss 0.001 | Test Error 43.26
Train Loss 0.152
Train Loss 1.461
Train Loss 1.458
Train Loss 1.450
Train Loss 1.468
Train Loss 1.473
Train Loss 1.471
Train Loss 1.467
Epoch  70 | Time    38 | Train Loss 1.4965 | Test Loss 0.001 | Test Error 43.94
Train Loss 0.150
Train Loss 1.443
Train Loss 1.475
Train Loss 1.435
Train Loss 1.435
Train Loss 1.444
Train Loss 1.477
Train Loss 1.447
Epoch  71 | Time    38 | Train Loss 1.4556 | Test Loss 0.001 | Test Error 42.78
Train Loss 0.143
Train Loss 1.470
Train Loss 1.464
Train Loss 1.479
Train Loss 1.451
Train Loss 1.454
Train Loss 1.488
Train Loss 1.433
Epoch  72 | Time    38 | Train Loss 1.4477 | Test Loss 0.001 | Test Error 42.98
Train Loss 0.138
Train Loss 1.441
Train Loss 1.452
Train Loss 1.446
Train Loss 1.406
Train Loss 1.468
Train Loss 1.461
Train Loss 1.492
Epoch  73 | Time    38 | Train Loss 1.4404 | Test Loss 0.001 | Test Error 43.61
Train Loss 0.146
Train Loss 1.456
Train Loss 1.454
Train Loss 1.441
Train Loss 1.429
Train Loss 1.461
Train Loss 1.470
Train Loss 1.470
Epoch  74 | Time    38 | Train Loss 1.4383 | Test Loss 0.001 | Test Error 42.45
Train Loss 0.135
Train Loss 1.465
Train Loss 1.451
Train Loss 1.460
Train Loss 1.473
Train Loss 1.417
Train Loss 1.485
Train Loss 1.442
Epoch  75 | Time    38 | Train Loss 1.4455 | Test Loss 0.001 | Test Error 43.27
Train Loss 0.145
Train Loss 1.433
Train Loss 1.457
Train Loss 1.470
Train Loss 1.441
Train Loss 1.450
Train Loss 1.444
Train Loss 1.441
Epoch  76 | Time    38 | Train Loss 1.4510 | Test Loss 0.001 | Test Error 42.07
Train Loss 0.145
Train Loss 1.449
Train Loss 1.462
Train Loss 1.459
Train Loss 1.467
Train Loss 1.435
Train Loss 1.402
Train Loss 1.433
Epoch  77 | Time    38 | Train Loss 1.4580 | Test Loss 0.001 | Test Error 43.06
Train Loss 0.146
Train Loss 1.419
Train Loss 1.419
Train Loss 1.429
Train Loss 1.459
Train Loss 1.421
Train Loss 1.411
Train Loss 1.433
Epoch  78 | Time    38 | Train Loss 1.4280 | Test Loss 0.001 | Test Error 42.85
Train Loss 0.148
Train Loss 1.464
Train Loss 1.428
Train Loss 1.457
Train Loss 1.418
Train Loss 1.444
Train Loss 1.424
Train Loss 1.425
Epoch  79 | Time    38 | Train Loss 1.4168 | Test Loss 0.001 | Test Error 41.63
Train Loss 0.140
Train Loss 1.433
Train Loss 1.417
Train Loss 1.418
Train Loss 1.452
Train Loss 1.430
Train Loss 1.412
Train Loss 1.399
Epoch  80 | Time    38 | Train Loss 1.4364 | Test Loss 0.001 | Test Error 41.17
Train Loss 0.135
Train Loss 1.401
Train Loss 1.415
Train Loss 1.426
Train Loss 1.431
Train Loss 1.410
Train Loss 1.405
Train Loss 1.425
Epoch  81 | Time    38 | Train Loss 1.4336 | Test Loss 0.001 | Test Error 41.43
Train Loss 0.128
Train Loss 1.389
Train Loss 1.424
Train Loss 1.409
Train Loss 1.410
Train Loss 1.422
Train Loss 1.398
Train Loss 1.395
Epoch  82 | Time    38 | Train Loss 1.4356 | Test Loss 0.001 | Test Error 40.87
Train Loss 0.143
Train Loss 1.394
Train Loss 1.423
Train Loss 1.419
Train Loss 1.422
Train Loss 1.420
Train Loss 1.410
Train Loss 1.400
Epoch  83 | Time    38 | Train Loss 1.4347 | Test Loss 0.001 | Test Error 41.73
Train Loss 0.146
Train Loss 1.424
Train Loss 1.434
Train Loss 1.424
Train Loss 1.398
Train Loss 1.395
Train Loss 1.409
Train Loss 1.393
Epoch  84 | Time    38 | Train Loss 1.4050 | Test Loss 0.001 | Test Error 41.22
Train Loss 0.139
Train Loss 1.426
Train Loss 1.401
Train Loss 1.410
Train Loss 1.419
Train Loss 1.442
Train Loss 1.395
Train Loss 1.375
Epoch  85 | Time    38 | Train Loss 1.4221 | Test Loss 0.001 | Test Error 40.50
Train Loss 0.129
Train Loss 1.408
Train Loss 1.406
Train Loss 1.422
Train Loss 1.436
Train Loss 1.418
Train Loss 1.392
Train Loss 1.405
Epoch  86 | Time    38 | Train Loss 1.3890 | Test Loss 0.001 | Test Error 40.76
Train Loss 0.138
Train Loss 1.405
Train Loss 1.391
Train Loss 1.404
Train Loss 1.407
Train Loss 1.402
Train Loss 1.367
Train Loss 1.401
Epoch  87 | Time    38 | Train Loss 1.3813 | Test Loss 0.001 | Test Error 40.33
Train Loss 0.147
Train Loss 1.379
Train Loss 1.400
Train Loss 1.442
Train Loss 1.394
Train Loss 1.404
Train Loss 1.392
Train Loss 1.404
Epoch  88 | Time    38 | Train Loss 1.4264 | Test Loss 0.001 | Test Error 40.69
Train Loss 0.135
Train Loss 1.381
Train Loss 1.402
Train Loss 1.395
Train Loss 1.411
Train Loss 1.379
Train Loss 1.402
Train Loss 1.383
Epoch  89 | Time    38 | Train Loss 1.3925 | Test Loss 0.001 | Test Error 41.16
Train Loss 0.158
Train Loss 1.363
Train Loss 1.402
Train Loss 1.378
Train Loss 1.384
Train Loss 1.383
Train Loss 1.402
Train Loss 1.385
Epoch  90 | Time    38 | Train Loss 1.4092 | Test Loss 0.001 | Test Error 41.23
Train Loss 0.139
Train Loss 1.364
Train Loss 1.394
Train Loss 1.399
Train Loss 1.380
Train Loss 1.378
Train Loss 1.363
Train Loss 1.394
Epoch  91 | Time    38 | Train Loss 1.3839 | Test Loss 0.001 | Test Error 40.65
Train Loss 0.136
Train Loss 1.369
Train Loss 1.376
Train Loss 1.379
Train Loss 1.409
Train Loss 1.403
Train Loss 1.382
Train Loss 1.396
Epoch  92 | Time    38 | Train Loss 1.3884 | Test Loss 0.001 | Test Error 40.66
Train Loss 0.131
Train Loss 1.350
Train Loss 1.368
Train Loss 1.408
Train Loss 1.355
Train Loss 1.395
Train Loss 1.386
Train Loss 1.389
Epoch  93 | Time    38 | Train Loss 1.3844 | Test Loss 0.001 | Test Error 40.10
Train Loss 0.133
Train Loss 1.355
Train Loss 1.372
Train Loss 1.400
Train Loss 1.405
Train Loss 1.358
Train Loss 1.392
Train Loss 1.385
Epoch  94 | Time    38 | Train Loss 1.3822 | Test Loss 0.001 | Test Error 39.89
Train Loss 0.127
Train Loss 1.376
Train Loss 1.412
Train Loss 1.385
Train Loss 1.352
Train Loss 1.370
Train Loss 1.396
Train Loss 1.386
Epoch  95 | Time    38 | Train Loss 1.3434 | Test Loss 0.001 | Test Error 39.88
Train Loss 0.125
Train Loss 1.385
Train Loss 1.387
Train Loss 1.403
Train Loss 1.370
Train Loss 1.344
Train Loss 1.338
Train Loss 1.391
Epoch  96 | Time    38 | Train Loss 1.3556 | Test Loss 0.001 | Test Error 39.70
Train Loss 0.141
Train Loss 1.388
Train Loss 1.349
Train Loss 1.374
Train Loss 1.365
Train Loss 1.384
Train Loss 1.371
Train Loss 1.341
Epoch  97 | Time    38 | Train Loss 1.3597 | Test Loss 0.001 | Test Error 39.70
Train Loss 0.141
Train Loss 1.342
Train Loss 1.362
Train Loss 1.409
Train Loss 1.403
Train Loss 1.354
Train Loss 1.381
Train Loss 1.355
Epoch  98 | Time    38 | Train Loss 1.3796 | Test Loss 0.001 | Test Error 39.70
Train Loss 0.133
Train Loss 1.381
Train Loss 1.397
Train Loss 1.360
Train Loss 1.359
Train Loss 1.369
Train Loss 1.369
Train Loss 1.410
Epoch  99 | Time    38 | Train Loss 1.3861 | Test Loss 0.001 | Test Error 39.74
Train Loss 0.130
Train Loss 1.402
Train Loss 1.378
Train Loss 1.360
Train Loss 1.361
Train Loss 1.360
Train Loss 1.361
Train Loss 1.386
Epoch 100 | Time    38 | Train Loss 1.3644 | Test Loss 0.001 | Test Error 39.69
gaussian_noise
	Test Loss 0.001 | Test Error 41.772
shot_noise
	Test Loss 0.001 | Test Error 41.240
impulse_noise
	Test Loss 0.001 | Test Error 43.632
defocus_blur
	Test Loss 0.001 | Test Error 40.648
glass_blur
	Test Loss 0.001 | Test Error 41.762
motion_blur
	Test Loss 0.001 | Test Error 41.364
zoom_blur
	Test Loss 0.001 | Test Error 41.516
snow
	Test Loss 0.001 | Test Error 43.748
frost
	Test Loss 0.001 | Test Error 47.894
fog
	Test Loss 0.001 | Test Error 50.214
brightness
	Test Loss 0.001 | Test Error 42.506
contrast
	Test Loss 0.002 | Test Error 58.000
elastic_transform
	Test Loss 0.001 | Test Error 42.290
pixelate
	Test Loss 0.001 | Test Error 40.092
jpeg_compression
	Test Loss 0.001 | Test Error 40.890
Mean Corruption Error: 43.838
