Files already downloaded and verified
Files already downloaded and verified
Beginning training from epoch: 1
Train Loss 0.318
Train Loss 2.580
Train Loss 2.266
Train Loss 2.147
Train Loss 1.948
Train Loss 1.857
Train Loss 1.850
Train Loss 1.780
Epoch   1 | Time    31 | Train Loss 1.8023 | Test Loss 0.002 | Test Error 57.51
Train Loss 0.180
Train Loss 1.719
Train Loss 1.713
Train Loss 1.697
Train Loss 1.671
Train Loss 1.640
Train Loss 1.650
Train Loss 1.602
Epoch   2 | Time    30 | Train Loss 1.6161 | Test Loss 0.001 | Test Error 50.53
Train Loss 0.147
Train Loss 1.571
Train Loss 1.534
Train Loss 1.561
Train Loss 1.505
Train Loss 1.485
Train Loss 1.489
Train Loss 1.478
Epoch   3 | Time    30 | Train Loss 1.4443 | Test Loss 0.001 | Test Error 42.88
Train Loss 0.136
Train Loss 1.430
Train Loss 1.454
Train Loss 1.418
Train Loss 1.427
Train Loss 1.371
Train Loss 1.378
Train Loss 1.358
Epoch   4 | Time    30 | Train Loss 1.3670 | Test Loss 0.001 | Test Error 38.76
Train Loss 0.120
Train Loss 1.321
Train Loss 1.281
Train Loss 1.318
Train Loss 1.286
Train Loss 1.278
Train Loss 1.287
Train Loss 1.292
Epoch   5 | Time    30 | Train Loss 1.3068 | Test Loss 0.001 | Test Error 34.29
Train Loss 0.124
Train Loss 1.254
Train Loss 1.220
Train Loss 1.238
Train Loss 1.217
Train Loss 1.259
Train Loss 1.240
Train Loss 1.208
Epoch   6 | Time    30 | Train Loss 1.2251 | Test Loss 0.001 | Test Error 32.75
Train Loss 0.136
Train Loss 1.151
Train Loss 1.199
Train Loss 1.180
Train Loss 1.176
Train Loss 1.185
Train Loss 1.180
Train Loss 1.147
Epoch   7 | Time    30 | Train Loss 1.1756 | Test Loss 0.001 | Test Error 35.56
Train Loss 0.107
Train Loss 1.158
Train Loss 1.119
Train Loss 1.118
Train Loss 1.149
Train Loss 1.113
Train Loss 1.128
Train Loss 1.127
Epoch   8 | Time    30 | Train Loss 1.1119 | Test Loss 0.001 | Test Error 34.50
Train Loss 0.115
Train Loss 1.080
Train Loss 1.100
Train Loss 1.129
Train Loss 1.087
Train Loss 1.091
Train Loss 1.091
Train Loss 1.091
Epoch   9 | Time    30 | Train Loss 1.0790 | Test Loss 0.001 | Test Error 29.19
Train Loss 0.100
Train Loss 1.077
Train Loss 1.074
Train Loss 1.083
Train Loss 1.060
Train Loss 1.086
Train Loss 1.091
Train Loss 1.075
Epoch  10 | Time    30 | Train Loss 1.0750 | Test Loss 0.001 | Test Error 28.44
Train Loss 0.094
Train Loss 1.074
Train Loss 1.073
Train Loss 1.084
Train Loss 1.061
Train Loss 1.009
Train Loss 1.046
Train Loss 1.032
Epoch  11 | Time    30 | Train Loss 1.0276 | Test Loss 0.001 | Test Error 26.63
Train Loss 0.096
Train Loss 1.040
Train Loss 1.041
Train Loss 1.031
Train Loss 1.062
Train Loss 1.074
Train Loss 1.036
Train Loss 1.021
Epoch  12 | Time    30 | Train Loss 1.0615 | Test Loss 0.001 | Test Error 26.26
Train Loss 0.113
Train Loss 0.967
Train Loss 1.021
Train Loss 1.016
Train Loss 1.020
Train Loss 1.039
Train Loss 1.021
Train Loss 1.013
Epoch  13 | Time    30 | Train Loss 1.0401 | Test Loss 0.001 | Test Error 26.16
Train Loss 0.123
Train Loss 1.014
Train Loss 0.975
Train Loss 1.027
Train Loss 0.983
Train Loss 1.015
Train Loss 0.993
Train Loss 1.002
Epoch  14 | Time    30 | Train Loss 1.0690 | Test Loss 0.001 | Test Error 27.70
Train Loss 0.094
Train Loss 0.980
Train Loss 0.962
Train Loss 1.030
Train Loss 1.021
Train Loss 0.972
Train Loss 0.993
Train Loss 0.986
Epoch  15 | Time    30 | Train Loss 1.0258 | Test Loss 0.001 | Test Error 29.62
Train Loss 0.099
Train Loss 0.936
Train Loss 0.980
Train Loss 0.997
Train Loss 0.973
Train Loss 0.992
Train Loss 1.032
Train Loss 0.977
Epoch  16 | Time    30 | Train Loss 0.9960 | Test Loss 0.001 | Test Error 26.70
Train Loss 0.076
Train Loss 0.964
Train Loss 1.010
Train Loss 0.952
Train Loss 0.959
Train Loss 0.977
Train Loss 0.994
Train Loss 0.966
Epoch  17 | Time    30 | Train Loss 0.9800 | Test Loss 0.001 | Test Error 27.52
Train Loss 0.092
Train Loss 0.946
Train Loss 0.973
Train Loss 0.964
Train Loss 0.978
Train Loss 0.944
Train Loss 0.968
Train Loss 0.949
Epoch  18 | Time    30 | Train Loss 1.0107 | Test Loss 0.001 | Test Error 25.23
Train Loss 0.093
Train Loss 0.958
Train Loss 0.933
Train Loss 0.932
Train Loss 0.972
Train Loss 0.935
Train Loss 0.967
Train Loss 0.915
Epoch  19 | Time    30 | Train Loss 0.9690 | Test Loss 0.001 | Test Error 23.49
Train Loss 0.103
Train Loss 0.919
Train Loss 0.969
Train Loss 0.963
Train Loss 0.929
Train Loss 0.955
Train Loss 0.971
Train Loss 0.945
Epoch  20 | Time    30 | Train Loss 0.9411 | Test Loss 0.001 | Test Error 23.98
Train Loss 0.092
Train Loss 0.939
Train Loss 0.911
Train Loss 0.924
Train Loss 0.931
Train Loss 0.940
Train Loss 0.972
Train Loss 0.938
Epoch  21 | Time    30 | Train Loss 0.9432 | Test Loss 0.001 | Test Error 24.85
Train Loss 0.093
Train Loss 0.967
Train Loss 0.915
Train Loss 0.942
Train Loss 0.957
Train Loss 0.925
Train Loss 0.921
Train Loss 0.905
Epoch  22 | Time    30 | Train Loss 0.9362 | Test Loss 0.001 | Test Error 26.26
Train Loss 0.089
Train Loss 0.950
Train Loss 0.928
Train Loss 0.947
Train Loss 0.978
Train Loss 0.917
Train Loss 0.915
Train Loss 0.918
Epoch  23 | Time    30 | Train Loss 0.9329 | Test Loss 0.001 | Test Error 23.69
Train Loss 0.105
Train Loss 0.926
Train Loss 0.924
Train Loss 0.940
Train Loss 0.910
Train Loss 0.901
Train Loss 0.936
Train Loss 0.913
Epoch  24 | Time    30 | Train Loss 0.9673 | Test Loss 0.001 | Test Error 22.57
Train Loss 0.079
Train Loss 0.929
Train Loss 0.949
Train Loss 0.924
Train Loss 0.946
Train Loss 0.899
Train Loss 0.928
Train Loss 0.911
Epoch  25 | Time    30 | Train Loss 0.9292 | Test Loss 0.001 | Test Error 24.34
Train Loss 0.092
Train Loss 0.909
Train Loss 0.898
Train Loss 0.889
Train Loss 0.916
Train Loss 0.955
Train Loss 0.911
Train Loss 0.902
Epoch  26 | Time    30 | Train Loss 0.9103 | Test Loss 0.001 | Test Error 22.70
Train Loss 0.085
Train Loss 0.887
Train Loss 0.878
Train Loss 0.878
Train Loss 0.910
Train Loss 0.869
Train Loss 0.898
Train Loss 0.922
Epoch  27 | Time    30 | Train Loss 0.8924 | Test Loss 0.001 | Test Error 24.49
Train Loss 0.083
Train Loss 0.895
Train Loss 0.911
Train Loss 0.871
Train Loss 0.907
Train Loss 0.899
Train Loss 0.897
Train Loss 0.906
Epoch  28 | Time    30 | Train Loss 0.8776 | Test Loss 0.001 | Test Error 25.18
Train Loss 0.092
Train Loss 0.891
Train Loss 0.893
Train Loss 0.881
Train Loss 0.873
Train Loss 0.911
Train Loss 0.868
Train Loss 0.875
Epoch  29 | Time    30 | Train Loss 0.9268 | Test Loss 0.001 | Test Error 24.14
Train Loss 0.085
Train Loss 0.873
Train Loss 0.905
Train Loss 0.859
Train Loss 0.889
Train Loss 0.903
Train Loss 0.911
Train Loss 0.879
Epoch  30 | Time    30 | Train Loss 0.9302 | Test Loss 0.001 | Test Error 24.87
Train Loss 0.082
Train Loss 0.859
Train Loss 0.860
Train Loss 0.884
Train Loss 0.876
Train Loss 0.848
Train Loss 0.897
Train Loss 0.867
Epoch  31 | Time    30 | Train Loss 0.8972 | Test Loss 0.001 | Test Error 22.82
Train Loss 0.076
Train Loss 0.883
Train Loss 0.886
Train Loss 0.871
Train Loss 0.828
Train Loss 0.850
Train Loss 0.903
Train Loss 0.887
Epoch  32 | Time    30 | Train Loss 0.8654 | Test Loss 0.001 | Test Error 21.78
Train Loss 0.090
Train Loss 0.878
Train Loss 0.903
Train Loss 0.863
Train Loss 0.890
Train Loss 0.885
Train Loss 0.867
Train Loss 0.851
Epoch  33 | Time    30 | Train Loss 0.8593 | Test Loss 0.001 | Test Error 22.48
Train Loss 0.103
Train Loss 0.867
Train Loss 0.876
Train Loss 0.876
Train Loss 0.860
Train Loss 0.856
Train Loss 0.830
Train Loss 0.869
Epoch  34 | Time    30 | Train Loss 0.8720 | Test Loss 0.001 | Test Error 21.39
Train Loss 0.085
Train Loss 0.853
Train Loss 0.870
Train Loss 0.889
Train Loss 0.848
Train Loss 0.869
Train Loss 0.883
Train Loss 0.833
Epoch  35 | Time    30 | Train Loss 0.8487 | Test Loss 0.001 | Test Error 22.36
Train Loss 0.082
Train Loss 0.828
Train Loss 0.870
Train Loss 0.855
Train Loss 0.844
Train Loss 0.850
Train Loss 0.915
Train Loss 0.903
Epoch  36 | Time    30 | Train Loss 0.8714 | Test Loss 0.001 | Test Error 22.99
Train Loss 0.073
Train Loss 0.892
Train Loss 0.830
Train Loss 0.834
Train Loss 0.844
Train Loss 0.841
Train Loss 0.896
Train Loss 0.821
Epoch  37 | Time    30 | Train Loss 0.9142 | Test Loss 0.001 | Test Error 21.34
Train Loss 0.097
Train Loss 0.830
Train Loss 0.849
Train Loss 0.859
Train Loss 0.838
Train Loss 0.836
Train Loss 0.857
Train Loss 0.832
Epoch  38 | Time    30 | Train Loss 0.8682 | Test Loss 0.001 | Test Error 22.23
Train Loss 0.101
Train Loss 0.831
Train Loss 0.798
Train Loss 0.843
Train Loss 0.795
Train Loss 0.865
Train Loss 0.862
Train Loss 0.843
Epoch  39 | Time    30 | Train Loss 0.8441 | Test Loss 0.001 | Test Error 22.67
Train Loss 0.081
Train Loss 0.835
Train Loss 0.819
Train Loss 0.830
Train Loss 0.824
Train Loss 0.868
Train Loss 0.851
Train Loss 0.810
Epoch  40 | Time    30 | Train Loss 0.8740 | Test Loss 0.001 | Test Error 21.76
Train Loss 0.083
Train Loss 0.819
Train Loss 0.859
Train Loss 0.853
Train Loss 0.836
Train Loss 0.863
Train Loss 0.815
Train Loss 0.812
Epoch  41 | Time    30 | Train Loss 0.8207 | Test Loss 0.001 | Test Error 21.01
Train Loss 0.074
Train Loss 0.829
Train Loss 0.804
Train Loss 0.811
Train Loss 0.844
Train Loss 0.811
Train Loss 0.857
Train Loss 0.845
Epoch  42 | Time    30 | Train Loss 0.8643 | Test Loss 0.001 | Test Error 20.90
Train Loss 0.073
Train Loss 0.812
Train Loss 0.829
Train Loss 0.817
Train Loss 0.837
Train Loss 0.828
Train Loss 0.821
Train Loss 0.837
Epoch  43 | Time    30 | Train Loss 0.8388 | Test Loss 0.001 | Test Error 22.09
Train Loss 0.082
Train Loss 0.827
Train Loss 0.822
Train Loss 0.822
Train Loss 0.812
Train Loss 0.799
Train Loss 0.820
Train Loss 0.797
Epoch  44 | Time    30 | Train Loss 0.8433 | Test Loss 0.001 | Test Error 21.40
Train Loss 0.077
Train Loss 0.773
Train Loss 0.770
Train Loss 0.794
Train Loss 0.801
Train Loss 0.812
Train Loss 0.819
Train Loss 0.778
Epoch  45 | Time    30 | Train Loss 0.8191 | Test Loss 0.001 | Test Error 19.24
Train Loss 0.080
Train Loss 0.790
Train Loss 0.791
Train Loss 0.768
Train Loss 0.793
Train Loss 0.840
Train Loss 0.783
Train Loss 0.841
Epoch  46 | Time    30 | Train Loss 0.8616 | Test Loss 0.001 | Test Error 22.08
Train Loss 0.078
Train Loss 0.836
Train Loss 0.795
Train Loss 0.796
Train Loss 0.780
Train Loss 0.809
Train Loss 0.825
Train Loss 0.788
Epoch  47 | Time    30 | Train Loss 0.8192 | Test Loss 0.001 | Test Error 20.66
Train Loss 0.072
Train Loss 0.803
Train Loss 0.780
Train Loss 0.784
Train Loss 0.791
Train Loss 0.778
Train Loss 0.804
Train Loss 0.793
Epoch  48 | Time    30 | Train Loss 0.7935 | Test Loss 0.001 | Test Error 19.84
Train Loss 0.084
Train Loss 0.813
Train Loss 0.793
Train Loss 0.815
Train Loss 0.816
Train Loss 0.796
Train Loss 0.787
Train Loss 0.795
Epoch  49 | Time    30 | Train Loss 0.7829 | Test Loss 0.001 | Test Error 20.50
Train Loss 0.065
Train Loss 0.796
Train Loss 0.789
Train Loss 0.808
Train Loss 0.761
Train Loss 0.750
Train Loss 0.842
Train Loss 0.754
Epoch  50 | Time    30 | Train Loss 0.8106 | Test Loss 0.001 | Test Error 20.02
Train Loss 0.060
Train Loss 0.806
Train Loss 0.772
Train Loss 0.748
Train Loss 0.787
Train Loss 0.782
Train Loss 0.791
Train Loss 0.769
Epoch  51 | Time    30 | Train Loss 0.8141 | Test Loss 0.001 | Test Error 19.97
Train Loss 0.078
Train Loss 0.745
Train Loss 0.768
Train Loss 0.768
Train Loss 0.766
Train Loss 0.769
Train Loss 0.798
Train Loss 0.766
Epoch  52 | Time    30 | Train Loss 0.7801 | Test Loss 0.001 | Test Error 18.27
Train Loss 0.080
Train Loss 0.761
Train Loss 0.782
Train Loss 0.801
Train Loss 0.757
Train Loss 0.790
Train Loss 0.744
Train Loss 0.762
Epoch  53 | Time    30 | Train Loss 0.7666 | Test Loss 0.001 | Test Error 19.18
Train Loss 0.081
Train Loss 0.749
Train Loss 0.741
Train Loss 0.766
Train Loss 0.742
Train Loss 0.751
Train Loss 0.806
Train Loss 0.789
Epoch  54 | Time    30 | Train Loss 0.7755 | Test Loss 0.001 | Test Error 18.86
Train Loss 0.065
Train Loss 0.737
Train Loss 0.725
Train Loss 0.732
Train Loss 0.767
Train Loss 0.762
Train Loss 0.792
Train Loss 0.741
Epoch  55 | Time    30 | Train Loss 0.7742 | Test Loss 0.001 | Test Error 18.75
Train Loss 0.079
Train Loss 0.717
Train Loss 0.758
Train Loss 0.723
Train Loss 0.739
Train Loss 0.779
Train Loss 0.773
Train Loss 0.719
Epoch  56 | Time    30 | Train Loss 0.7294 | Test Loss 0.001 | Test Error 19.74
Train Loss 0.074
Train Loss 0.729
Train Loss 0.744
Train Loss 0.772
Train Loss 0.744
Train Loss 0.743
Train Loss 0.749
Train Loss 0.731
Epoch  57 | Time    30 | Train Loss 0.7413 | Test Loss 0.001 | Test Error 19.72
Train Loss 0.066
Train Loss 0.727
Train Loss 0.732
Train Loss 0.758
Train Loss 0.719
Train Loss 0.716
Train Loss 0.718
Train Loss 0.748
Epoch  58 | Time    30 | Train Loss 0.7774 | Test Loss 0.001 | Test Error 19.42
Train Loss 0.065
Train Loss 0.721
Train Loss 0.703
Train Loss 0.730
Train Loss 0.724
Train Loss 0.739
Train Loss 0.763
Train Loss 0.723
Epoch  59 | Time    30 | Train Loss 0.7468 | Test Loss 0.001 | Test Error 18.78
Train Loss 0.071
Train Loss 0.719
Train Loss 0.710
Train Loss 0.744
Train Loss 0.702
Train Loss 0.736
Train Loss 0.723
Train Loss 0.752
Epoch  60 | Time    30 | Train Loss 0.7209 | Test Loss 0.001 | Test Error 18.16
Train Loss 0.062
Train Loss 0.713
Train Loss 0.730
Train Loss 0.711
Train Loss 0.705
Train Loss 0.721
Train Loss 0.686
Train Loss 0.725
Epoch  61 | Time    30 | Train Loss 0.7127 | Test Loss 0.001 | Test Error 18.04
Train Loss 0.072
Train Loss 0.725
Train Loss 0.693
Train Loss 0.714
Train Loss 0.688
Train Loss 0.712
Train Loss 0.727
Train Loss 0.702
Epoch  62 | Time    30 | Train Loss 0.6846 | Test Loss 0.001 | Test Error 17.45
Train Loss 0.054
Train Loss 0.699
Train Loss 0.722
Train Loss 0.673
Train Loss 0.664
Train Loss 0.729
Train Loss 0.697
Train Loss 0.726
Epoch  63 | Time    30 | Train Loss 0.6731 | Test Loss 0.001 | Test Error 16.78
Train Loss 0.056
Train Loss 0.661
Train Loss 0.651
Train Loss 0.703
Train Loss 0.701
Train Loss 0.690
Train Loss 0.710
Train Loss 0.685
Epoch  64 | Time    30 | Train Loss 0.7070 | Test Loss 0.001 | Test Error 17.21
Train Loss 0.061
Train Loss 0.691
Train Loss 0.662
Train Loss 0.666
Train Loss 0.653
Train Loss 0.682
Train Loss 0.688
Train Loss 0.667
Epoch  65 | Time    30 | Train Loss 0.6905 | Test Loss 0.001 | Test Error 17.77
Train Loss 0.053
Train Loss 0.662
Train Loss 0.665
Train Loss 0.679
Train Loss 0.643
Train Loss 0.657
Train Loss 0.677
Train Loss 0.666
Epoch  66 | Time    30 | Train Loss 0.6896 | Test Loss 0.001 | Test Error 17.61
Train Loss 0.065
Train Loss 0.670
Train Loss 0.680
Train Loss 0.692
Train Loss 0.666
Train Loss 0.692
Train Loss 0.684
Train Loss 0.642
Epoch  67 | Time    30 | Train Loss 0.6726 | Test Loss 0.001 | Test Error 17.68
Train Loss 0.064
Train Loss 0.643
Train Loss 0.671
Train Loss 0.663
Train Loss 0.642
Train Loss 0.700
Train Loss 0.661
Train Loss 0.637
Epoch  68 | Time    30 | Train Loss 0.6593 | Test Loss 0.001 | Test Error 16.38
Train Loss 0.057
Train Loss 0.648
Train Loss 0.662
Train Loss 0.667
Train Loss 0.624
Train Loss 0.647
Train Loss 0.677
Train Loss 0.653
Epoch  69 | Time    30 | Train Loss 0.6406 | Test Loss 0.001 | Test Error 17.32
Train Loss 0.063
Train Loss 0.614
Train Loss 0.639
Train Loss 0.650
Train Loss 0.604
Train Loss 0.680
Train Loss 0.627
Train Loss 0.658
Epoch  70 | Time    30 | Train Loss 0.6519 | Test Loss 0.000 | Test Error 15.08
Train Loss 0.056
Train Loss 0.602
Train Loss 0.650
Train Loss 0.636
Train Loss 0.626
Train Loss 0.645
Train Loss 0.672
Train Loss 0.641
Epoch  71 | Time    30 | Train Loss 0.6203 | Test Loss 0.001 | Test Error 17.42
Train Loss 0.057
Train Loss 0.598
Train Loss 0.590
Train Loss 0.654
Train Loss 0.623
Train Loss 0.616
Train Loss 0.601
Train Loss 0.636
Epoch  72 | Time    30 | Train Loss 0.6592 | Test Loss 0.000 | Test Error 15.80
Train Loss 0.066
Train Loss 0.592
Train Loss 0.593
Train Loss 0.599
Train Loss 0.609
Train Loss 0.632
Train Loss 0.624
Train Loss 0.634
Epoch  73 | Time    30 | Train Loss 0.6120 | Test Loss 0.000 | Test Error 14.67
Train Loss 0.049
Train Loss 0.580
Train Loss 0.586
Train Loss 0.623
Train Loss 0.582
Train Loss 0.606
Train Loss 0.602
Train Loss 0.621
Epoch  74 | Time    30 | Train Loss 0.6001 | Test Loss 0.000 | Test Error 14.91
Train Loss 0.053
Train Loss 0.584
Train Loss 0.600
Train Loss 0.566
Train Loss 0.570
Train Loss 0.574
Train Loss 0.552
Train Loss 0.575
Epoch  75 | Time    30 | Train Loss 0.6107 | Test Loss 0.000 | Test Error 14.79
Train Loss 0.063
Train Loss 0.568
Train Loss 0.593
Train Loss 0.587
Train Loss 0.569
Train Loss 0.573
Train Loss 0.603
Train Loss 0.584
Epoch  76 | Time    30 | Train Loss 0.6086 | Test Loss 0.000 | Test Error 14.64
Train Loss 0.057
Train Loss 0.561
Train Loss 0.546
Train Loss 0.588
Train Loss 0.558
Train Loss 0.540
Train Loss 0.556
Train Loss 0.532
Epoch  77 | Time    30 | Train Loss 0.6060 | Test Loss 0.000 | Test Error 14.79
Train Loss 0.058
Train Loss 0.580
Train Loss 0.553
Train Loss 0.547
Train Loss 0.543
Train Loss 0.549
Train Loss 0.565
Train Loss 0.549
Epoch  78 | Time    30 | Train Loss 0.5459 | Test Loss 0.000 | Test Error 14.09
Train Loss 0.058
Train Loss 0.535
Train Loss 0.519
Train Loss 0.551
Train Loss 0.530
Train Loss 0.545
Train Loss 0.546
Train Loss 0.533
Epoch  79 | Time    30 | Train Loss 0.5852 | Test Loss 0.000 | Test Error 13.64
Train Loss 0.060
Train Loss 0.511
Train Loss 0.539
Train Loss 0.542
Train Loss 0.515
Train Loss 0.568
Train Loss 0.545
Train Loss 0.512
Epoch  80 | Time    30 | Train Loss 0.5594 | Test Loss 0.000 | Test Error 13.95
Train Loss 0.049
Train Loss 0.498
Train Loss 0.504
Train Loss 0.515
Train Loss 0.493
Train Loss 0.532
Train Loss 0.531
Train Loss 0.537
Epoch  81 | Time    30 | Train Loss 0.5486 | Test Loss 0.000 | Test Error 14.18
Train Loss 0.055
Train Loss 0.526
Train Loss 0.487
Train Loss 0.486
Train Loss 0.509
Train Loss 0.515
Train Loss 0.532
Train Loss 0.491
Epoch  82 | Time    30 | Train Loss 0.5472 | Test Loss 0.000 | Test Error 13.54
Train Loss 0.046
Train Loss 0.492
Train Loss 0.489
Train Loss 0.506
Train Loss 0.513
Train Loss 0.486
Train Loss 0.486
Train Loss 0.464
Epoch  83 | Time    30 | Train Loss 0.4997 | Test Loss 0.000 | Test Error 12.67
Train Loss 0.032
Train Loss 0.506
Train Loss 0.501
Train Loss 0.505
Train Loss 0.490
Train Loss 0.488
Train Loss 0.538
Train Loss 0.516
Epoch  84 | Time    30 | Train Loss 0.4668 | Test Loss 0.000 | Test Error 12.99
Train Loss 0.049
Train Loss 0.502
Train Loss 0.480
Train Loss 0.507
Train Loss 0.458
Train Loss 0.516
Train Loss 0.479
Train Loss 0.494
Epoch  85 | Time    30 | Train Loss 0.4873 | Test Loss 0.000 | Test Error 12.88
Train Loss 0.042
Train Loss 0.455
Train Loss 0.487
Train Loss 0.483
Train Loss 0.479
Train Loss 0.480
Train Loss 0.488
Train Loss 0.476
Epoch  86 | Time    30 | Train Loss 0.4878 | Test Loss 0.000 | Test Error 12.52
Train Loss 0.042
Train Loss 0.449
Train Loss 0.435
Train Loss 0.461
Train Loss 0.455
Train Loss 0.501
Train Loss 0.466
Train Loss 0.462
Epoch  87 | Time    30 | Train Loss 0.4732 | Test Loss 0.000 | Test Error 12.48
Train Loss 0.047
Train Loss 0.458
Train Loss 0.464
Train Loss 0.426
Train Loss 0.437
Train Loss 0.469
Train Loss 0.461
Train Loss 0.447
Epoch  88 | Time    30 | Train Loss 0.4606 | Test Loss 0.000 | Test Error 12.34
Train Loss 0.031
Train Loss 0.426
Train Loss 0.470
Train Loss 0.485
Train Loss 0.455
Train Loss 0.411
Train Loss 0.453
Train Loss 0.442
Epoch  89 | Time    30 | Train Loss 0.4650 | Test Loss 0.000 | Test Error 12.25
Train Loss 0.047
Train Loss 0.430
Train Loss 0.430
Train Loss 0.420
Train Loss 0.458
Train Loss 0.427
Train Loss 0.438
Train Loss 0.434
Epoch  90 | Time    30 | Train Loss 0.4343 | Test Loss 0.000 | Test Error 11.86
Train Loss 0.032
Train Loss 0.415
Train Loss 0.418
Train Loss 0.424
Train Loss 0.414
Train Loss 0.403
Train Loss 0.429
Train Loss 0.417
Epoch  91 | Time    30 | Train Loss 0.4260 | Test Loss 0.000 | Test Error 11.79
Train Loss 0.051
Train Loss 0.420
Train Loss 0.430
Train Loss 0.419
Train Loss 0.421
Train Loss 0.396
Train Loss 0.427
Train Loss 0.394
Epoch  92 | Time    30 | Train Loss 0.4396 | Test Loss 0.000 | Test Error 11.65
Train Loss 0.027
Train Loss 0.426
Train Loss 0.409
Train Loss 0.403
Train Loss 0.410
Train Loss 0.403
Train Loss 0.415
Train Loss 0.390
Epoch  93 | Time    30 | Train Loss 0.3994 | Test Loss 0.000 | Test Error 11.68
Train Loss 0.034
Train Loss 0.389
Train Loss 0.429
Train Loss 0.384
Train Loss 0.393
Train Loss 0.398
Train Loss 0.403
Train Loss 0.410
Epoch  94 | Time    30 | Train Loss 0.4017 | Test Loss 0.000 | Test Error 11.53
Train Loss 0.039
Train Loss 0.406
Train Loss 0.372
Train Loss 0.396
Train Loss 0.367
Train Loss 0.366
Train Loss 0.379
Train Loss 0.355
Epoch  95 | Time    30 | Train Loss 0.4114 | Test Loss 0.000 | Test Error 11.52
Train Loss 0.038
Train Loss 0.394
Train Loss 0.407
Train Loss 0.394
Train Loss 0.373
Train Loss 0.390
Train Loss 0.391
Train Loss 0.397
Epoch  96 | Time    30 | Train Loss 0.3967 | Test Loss 0.000 | Test Error 11.38
Train Loss 0.031
Train Loss 0.386
Train Loss 0.392
Train Loss 0.409
Train Loss 0.368
Train Loss 0.371
Train Loss 0.377
Train Loss 0.371
Epoch  97 | Time    30 | Train Loss 0.3568 | Test Loss 0.000 | Test Error 11.23
Train Loss 0.044
Train Loss 0.384
Train Loss 0.388
Train Loss 0.374
Train Loss 0.353
Train Loss 0.389
Train Loss 0.380
Train Loss 0.362
Epoch  98 | Time    30 | Train Loss 0.3753 | Test Loss 0.000 | Test Error 11.31
Train Loss 0.044
Train Loss 0.395
Train Loss 0.377
Train Loss 0.358
Train Loss 0.372
Train Loss 0.340
Train Loss 0.383
Train Loss 0.366
Epoch  99 | Time    30 | Train Loss 0.3714 | Test Loss 0.000 | Test Error 11.27
Train Loss 0.040
Train Loss 0.384
Train Loss 0.355
Train Loss 0.394
Train Loss 0.367
Train Loss 0.359
Train Loss 0.399
Train Loss 0.361
Epoch 100 | Time    30 | Train Loss 0.3704 | Test Loss 0.000 | Test Error 11.29
gaussian_noise
	Test Loss 0.001 | Test Error 17.644
shot_noise
	Test Loss 0.000 | Test Error 15.716
impulse_noise
	Test Loss 0.001 | Test Error 22.660
defocus_blur
	Test Loss 0.000 | Test Error 12.686
glass_blur
	Test Loss 0.001 | Test Error 20.630
motion_blur
	Test Loss 0.000 | Test Error 14.606
zoom_blur
	Test Loss 0.000 | Test Error 13.730
snow
	Test Loss 0.001 | Test Error 17.212
frost
	Test Loss 0.000 | Test Error 16.288
fog
	Test Loss 0.001 | Test Error 18.224
brightness
	Test Loss 0.000 | Test Error 12.774
contrast
	Test Loss 0.001 | Test Error 22.748
elastic_transform
	Test Loss 0.000 | Test Error 15.428
pixelate
	Test Loss 0.000 | Test Error 13.188
jpeg_compression
	Test Loss 0.000 | Test Error 14.316
Mean Corruption Error: 16.523
