Files already downloaded and verified
Files already downloaded and verified
Beginning training from epoch: 1
Train Loss 0.261
Train Loss 2.323
Train Loss 2.317
Train Loss 2.311
Train Loss 2.321
Train Loss 2.318
Train Loss 2.310
Train Loss 2.311
Epoch   1 | Time    39 | Train Loss 2.3128 | Test Loss 0.002 | Test Error 90.00
Train Loss 0.240
Train Loss 2.298
Train Loss 2.310
Train Loss 2.306
Train Loss 2.306
Train Loss 2.317
Train Loss 2.311
Train Loss 2.308
Epoch   2 | Time    38 | Train Loss 2.3081 | Test Loss 0.002 | Test Error 90.00
Train Loss 0.231
Train Loss 2.296
Train Loss 2.308
Train Loss 2.312
Train Loss 2.307
Train Loss 2.307
Train Loss 2.308
Train Loss 2.176
Epoch   3 | Time    38 | Train Loss 2.1260 | Test Loss 0.002 | Test Error 75.91
Train Loss 0.219
Train Loss 2.060
Train Loss 2.049
Train Loss 2.001
Train Loss 1.988
Train Loss 1.984
Train Loss 1.976
Train Loss 1.932
Epoch   4 | Time    39 | Train Loss 1.9274 | Test Loss 0.002 | Test Error 63.85
Train Loss 0.193
Train Loss 1.887
Train Loss 1.887
Train Loss 1.851
Train Loss 1.850
Train Loss 1.822
Train Loss 1.805
Train Loss 1.803
Epoch   5 | Time    38 | Train Loss 1.8094 | Test Loss 0.002 | Test Error 56.89
Train Loss 0.187
Train Loss 1.774
Train Loss 1.722
Train Loss 1.778
Train Loss 1.746
Train Loss 1.770
Train Loss 1.729
Train Loss 1.719
Epoch   6 | Time    38 | Train Loss 1.7569 | Test Loss 0.002 | Test Error 55.42
Train Loss 0.162
Train Loss 1.732
Train Loss 1.710
Train Loss 1.701
Train Loss 1.722
Train Loss 1.733
Train Loss 1.689
Train Loss 1.682
Epoch   7 | Time    38 | Train Loss 1.6939 | Test Loss 0.001 | Test Error 51.70
Train Loss 0.164
Train Loss 1.677
Train Loss 1.716
Train Loss 1.674
Train Loss 1.662
Train Loss 1.679
Train Loss 1.695
Train Loss 1.692
Epoch   8 | Time    38 | Train Loss 1.6604 | Test Loss 0.001 | Test Error 51.59
Train Loss 0.173
Train Loss 1.604
Train Loss 1.659
Train Loss 1.676
Train Loss 1.659
Train Loss 1.637
Train Loss 1.669
Train Loss 1.649
Epoch   9 | Time    38 | Train Loss 1.6328 | Test Loss 0.001 | Test Error 48.77
Train Loss 0.159
Train Loss 1.628
Train Loss 1.655
Train Loss 1.649
Train Loss 1.629
Train Loss 1.633
Train Loss 1.625
Train Loss 1.604
Epoch  10 | Time    38 | Train Loss 1.6501 | Test Loss 0.001 | Test Error 48.77
Train Loss 0.177
Train Loss 1.622
Train Loss 1.651
Train Loss 1.627
Train Loss 1.637
Train Loss 1.624
Train Loss 1.615
Train Loss 1.628
Epoch  11 | Time    38 | Train Loss 1.5971 | Test Loss 0.001 | Test Error 49.73
Train Loss 0.165
Train Loss 1.622
Train Loss 1.640
Train Loss 1.602
Train Loss 1.642
Train Loss 1.627
Train Loss 1.581
Train Loss 1.603
Epoch  12 | Time    38 | Train Loss 1.5763 | Test Loss 0.001 | Test Error 47.73
Train Loss 0.153
Train Loss 1.570
Train Loss 1.558
Train Loss 1.602
Train Loss 1.601
Train Loss 1.608
Train Loss 1.583
Train Loss 1.589
Epoch  13 | Time    38 | Train Loss 1.6400 | Test Loss 0.001 | Test Error 48.72
Train Loss 0.156
Train Loss 1.547
Train Loss 1.599
Train Loss 1.582
Train Loss 1.588
Train Loss 1.603
Train Loss 1.619
Train Loss 1.612
Epoch  14 | Time    38 | Train Loss 1.6451 | Test Loss 0.001 | Test Error 47.39
Train Loss 0.162
Train Loss 1.593
Train Loss 1.595
Train Loss 1.547
Train Loss 1.581
Train Loss 1.548
Train Loss 1.584
Train Loss 1.597
Epoch  15 | Time    38 | Train Loss 1.5802 | Test Loss 0.001 | Test Error 46.50
Train Loss 0.154
Train Loss 1.600
Train Loss 1.570
Train Loss 1.560
Train Loss 1.586
Train Loss 1.552
Train Loss 1.552
Train Loss 1.585
Epoch  16 | Time    38 | Train Loss 1.5445 | Test Loss 0.001 | Test Error 46.21
Train Loss 0.150
Train Loss 1.564
Train Loss 1.556
Train Loss 1.563
Train Loss 1.586
Train Loss 1.591
Train Loss 1.563
Train Loss 1.575
Epoch  17 | Time    38 | Train Loss 1.5686 | Test Loss 0.001 | Test Error 47.99
Train Loss 0.154
Train Loss 1.564
Train Loss 1.575
Train Loss 1.537
Train Loss 1.534
Train Loss 1.560
Train Loss 1.565
Train Loss 1.550
Epoch  18 | Time    38 | Train Loss 1.5586 | Test Loss 0.001 | Test Error 45.83
Train Loss 0.158
Train Loss 1.550
Train Loss 1.553
Train Loss 1.545
Train Loss 1.587
Train Loss 1.542
Train Loss 1.613
Train Loss 1.563
Epoch  19 | Time    38 | Train Loss 1.5670 | Test Loss 0.001 | Test Error 46.92
Train Loss 0.162
Train Loss 1.563
Train Loss 1.545
Train Loss 1.556
Train Loss 1.550
Train Loss 1.559
Train Loss 1.545
Train Loss 1.548
Epoch  20 | Time    38 | Train Loss 1.5625 | Test Loss 0.001 | Test Error 47.67
Train Loss 0.163
Train Loss 1.521
Train Loss 1.550
Train Loss 1.568
Train Loss 1.547
Train Loss 1.544
Train Loss 1.543
Train Loss 1.517
Epoch  21 | Time    38 | Train Loss 1.5237 | Test Loss 0.001 | Test Error 46.86
Train Loss 0.153
Train Loss 1.516
Train Loss 1.521
Train Loss 1.546
Train Loss 1.561
Train Loss 1.546
Train Loss 1.535
Train Loss 1.540
Epoch  22 | Time    38 | Train Loss 1.5641 | Test Loss 0.001 | Test Error 44.91
Train Loss 0.143
Train Loss 1.523
Train Loss 1.553
Train Loss 1.516
Train Loss 1.540
Train Loss 1.518
Train Loss 1.537
Train Loss 1.548
Epoch  23 | Time    38 | Train Loss 1.5329 | Test Loss 0.001 | Test Error 44.91
Train Loss 0.154
Train Loss 1.496
Train Loss 1.518
Train Loss 1.482
Train Loss 1.518
Train Loss 1.539
Train Loss 1.510
Train Loss 1.500
Epoch  24 | Time    38 | Train Loss 1.5192 | Test Loss 0.001 | Test Error 45.14
Train Loss 0.148
Train Loss 1.520
Train Loss 1.531
Train Loss 1.512
Train Loss 1.531
Train Loss 1.514
Train Loss 1.525
Train Loss 1.525
Epoch  25 | Time    38 | Train Loss 1.5447 | Test Loss 0.001 | Test Error 44.86
Train Loss 0.151
Train Loss 1.494
Train Loss 1.561
Train Loss 1.518
Train Loss 1.518
Train Loss 1.520
Train Loss 1.519
Train Loss 1.524
Epoch  26 | Time    39 | Train Loss 1.5274 | Test Loss 0.001 | Test Error 44.31
Train Loss 0.153
Train Loss 1.469
Train Loss 1.505
Train Loss 1.507
Train Loss 1.553
Train Loss 1.495
Train Loss 1.555
Train Loss 1.489
Epoch  27 | Time    38 | Train Loss 1.5033 | Test Loss 0.001 | Test Error 45.02
Train Loss 0.141
Train Loss 1.507
Train Loss 1.513
Train Loss 1.522
Train Loss 1.503
Train Loss 1.512
Train Loss 1.491
Train Loss 1.489
Epoch  28 | Time    38 | Train Loss 1.5033 | Test Loss 0.001 | Test Error 45.53
Train Loss 0.143
Train Loss 1.524
Train Loss 1.481
Train Loss 1.507
Train Loss 1.523
Train Loss 1.526
Train Loss 1.509
Train Loss 1.494
Epoch  29 | Time    38 | Train Loss 1.5284 | Test Loss 0.001 | Test Error 44.51
Train Loss 0.158
Train Loss 1.487
Train Loss 1.510
Train Loss 1.481
Train Loss 1.517
Train Loss 1.477
Train Loss 1.503
Train Loss 1.505
Epoch  30 | Time    38 | Train Loss 1.5083 | Test Loss 0.001 | Test Error 45.61
Train Loss 0.158
Train Loss 1.480
Train Loss 1.513
Train Loss 1.503
Train Loss 1.496
Train Loss 1.530
Train Loss 1.502
Train Loss 1.502
Epoch  31 | Time    38 | Train Loss 1.5198 | Test Loss 0.001 | Test Error 45.33
Train Loss 0.157
Train Loss 1.491
Train Loss 1.509
Train Loss 1.488
Train Loss 1.512
Train Loss 1.511
Train Loss 1.511
Train Loss 1.510
Epoch  32 | Time    38 | Train Loss 1.4771 | Test Loss 0.001 | Test Error 44.56
Train Loss 0.138
Train Loss 1.470
Train Loss 1.511
Train Loss 1.486
Train Loss 1.513
Train Loss 1.523
Train Loss 1.492
Train Loss 1.495
Epoch  33 | Time    39 | Train Loss 1.4962 | Test Loss 0.001 | Test Error 43.23
Train Loss 0.150
Train Loss 1.447
Train Loss 1.498
Train Loss 1.482
Train Loss 1.494
Train Loss 1.502
Train Loss 1.501
Train Loss 1.483
Epoch  34 | Time    38 | Train Loss 1.4887 | Test Loss 0.001 | Test Error 43.45
Train Loss 0.148
Train Loss 1.498
Train Loss 1.470
Train Loss 1.490
Train Loss 1.472
Train Loss 1.488
Train Loss 1.456
Train Loss 1.514
Epoch  35 | Time    38 | Train Loss 1.4861 | Test Loss 0.001 | Test Error 43.82
Train Loss 0.161
Train Loss 1.442
Train Loss 1.490
Train Loss 1.493
Train Loss 1.450
Train Loss 1.503
Train Loss 1.491
Train Loss 1.479
Epoch  36 | Time    38 | Train Loss 1.4671 | Test Loss 0.001 | Test Error 43.29
Train Loss 0.149
Train Loss 1.452
Train Loss 1.504
Train Loss 1.510
Train Loss 1.452
Train Loss 1.473
Train Loss 1.463
Train Loss 1.495
Epoch  37 | Time    38 | Train Loss 1.4934 | Test Loss 0.001 | Test Error 43.99
Train Loss 0.161
Train Loss 1.485
Train Loss 1.508
Train Loss 1.488
Train Loss 1.449
Train Loss 1.480
Train Loss 1.470
Train Loss 1.461
Epoch  38 | Time    38 | Train Loss 1.4727 | Test Loss 0.001 | Test Error 43.42
Train Loss 0.144
Train Loss 1.490
Train Loss 1.483
Train Loss 1.463
Train Loss 1.472
Train Loss 1.494
Train Loss 1.493
Train Loss 1.482
Epoch  39 | Time    38 | Train Loss 1.4731 | Test Loss 0.001 | Test Error 41.41
Train Loss 0.147
Train Loss 1.442
Train Loss 1.473
Train Loss 1.483
Train Loss 1.485
Train Loss 1.472
Train Loss 1.483
Train Loss 1.453
Epoch  40 | Time    38 | Train Loss 1.4465 | Test Loss 0.001 | Test Error 43.38
Train Loss 0.139
Train Loss 1.436
Train Loss 1.444
Train Loss 1.466
Train Loss 1.457
Train Loss 1.464
Train Loss 1.457
Train Loss 1.463
Epoch  41 | Time    38 | Train Loss 1.4815 | Test Loss 0.001 | Test Error 41.63
Train Loss 0.146
Train Loss 1.440
Train Loss 1.428
Train Loss 1.458
Train Loss 1.472
Train Loss 1.484
Train Loss 1.472
Train Loss 1.465
Epoch  42 | Time    38 | Train Loss 1.4598 | Test Loss 0.001 | Test Error 43.92
Train Loss 0.150
Train Loss 1.475
Train Loss 1.408
Train Loss 1.443
Train Loss 1.450
Train Loss 1.461
Train Loss 1.426
Train Loss 1.463
Epoch  43 | Time    38 | Train Loss 1.4320 | Test Loss 0.001 | Test Error 43.08
Train Loss 0.137
Train Loss 1.449
Train Loss 1.453
Train Loss 1.454
Train Loss 1.452
Train Loss 1.447
Train Loss 1.453
Train Loss 1.470
Epoch  44 | Time    38 | Train Loss 1.4536 | Test Loss 0.001 | Test Error 42.48
Train Loss 0.145
Train Loss 1.443
Train Loss 1.462
Train Loss 1.467
Train Loss 1.455
Train Loss 1.437
Train Loss 1.439
Train Loss 1.468
Epoch  45 | Time    38 | Train Loss 1.4031 | Test Loss 0.001 | Test Error 42.89
Train Loss 0.157
Train Loss 1.424
Train Loss 1.427
Train Loss 1.455
Train Loss 1.416
Train Loss 1.448
Train Loss 1.439
Train Loss 1.413
Epoch  46 | Time    38 | Train Loss 1.4209 | Test Loss 0.001 | Test Error 42.22
Train Loss 0.158
Train Loss 1.424
Train Loss 1.458
Train Loss 1.447
Train Loss 1.449
Train Loss 1.426
Train Loss 1.424
Train Loss 1.408
Epoch  47 | Time    38 | Train Loss 1.3867 | Test Loss 0.001 | Test Error 41.38
Train Loss 0.140
Train Loss 1.424
Train Loss 1.410
Train Loss 1.472
Train Loss 1.424
Train Loss 1.425
Train Loss 1.414
Train Loss 1.423
Epoch  48 | Time    38 | Train Loss 1.4291 | Test Loss 0.001 | Test Error 40.75
Train Loss 0.141
Train Loss 1.405
Train Loss 1.421
Train Loss 1.436
Train Loss 1.411
Train Loss 1.428
Train Loss 1.445
Train Loss 1.414
Epoch  49 | Time    38 | Train Loss 1.4037 | Test Loss 0.001 | Test Error 41.30
Train Loss 0.137
Train Loss 1.407
Train Loss 1.444
Train Loss 1.415
Train Loss 1.443
Train Loss 1.403
Train Loss 1.409
Train Loss 1.412
Epoch  50 | Time    38 | Train Loss 1.4314 | Test Loss 0.001 | Test Error 41.35
Train Loss 0.138
Train Loss 1.429
Train Loss 1.426
Train Loss 1.422
Train Loss 1.390
Train Loss 1.420
Train Loss 1.396
Train Loss 1.399
Epoch  51 | Time    38 | Train Loss 1.4154 | Test Loss 0.001 | Test Error 40.21
Train Loss 0.142
Train Loss 1.398
Train Loss 1.405
Train Loss 1.400
Train Loss 1.436
Train Loss 1.401
Train Loss 1.403
Train Loss 1.384
Epoch  52 | Time    38 | Train Loss 1.4312 | Test Loss 0.001 | Test Error 39.86
Train Loss 0.134
Train Loss 1.396
Train Loss 1.391
Train Loss 1.422
Train Loss 1.384
Train Loss 1.437
Train Loss 1.393
Train Loss 1.432
Epoch  53 | Time    38 | Train Loss 1.4120 | Test Loss 0.001 | Test Error 40.56
Train Loss 0.138
Train Loss 1.381
Train Loss 1.417
Train Loss 1.389
Train Loss 1.391
Train Loss 1.424
Train Loss 1.391
Train Loss 1.412
Epoch  54 | Time    38 | Train Loss 1.4085 | Test Loss 0.001 | Test Error 39.10
Train Loss 0.140
Train Loss 1.387
Train Loss 1.381
Train Loss 1.388
Train Loss 1.388
Train Loss 1.406
Train Loss 1.420
Train Loss 1.382
Epoch  55 | Time    38 | Train Loss 1.4278 | Test Loss 0.001 | Test Error 39.99
Train Loss 0.140
Train Loss 1.362
Train Loss 1.388
Train Loss 1.368
Train Loss 1.365
Train Loss 1.441
Train Loss 1.408
Train Loss 1.375
Epoch  56 | Time    38 | Train Loss 1.4004 | Test Loss 0.001 | Test Error 39.25
Train Loss 0.131
Train Loss 1.406
Train Loss 1.399
Train Loss 1.380
Train Loss 1.360
Train Loss 1.400
Train Loss 1.376
Train Loss 1.368
Epoch  57 | Time    38 | Train Loss 1.3942 | Test Loss 0.001 | Test Error 39.36
Train Loss 0.152
Train Loss 1.350
Train Loss 1.430
Train Loss 1.357
Train Loss 1.381
Train Loss 1.381
Train Loss 1.371
Train Loss 1.357
Epoch  58 | Time    38 | Train Loss 1.3873 | Test Loss 0.001 | Test Error 39.62
Train Loss 0.142
Train Loss 1.361
Train Loss 1.339
Train Loss 1.376
Train Loss 1.361
Train Loss 1.372
Train Loss 1.358
Train Loss 1.357
Epoch  59 | Time    38 | Train Loss 1.3733 | Test Loss 0.001 | Test Error 39.22
Train Loss 0.121
Train Loss 1.339
Train Loss 1.352
Train Loss 1.375
Train Loss 1.344
Train Loss 1.365
Train Loss 1.377
Train Loss 1.362
Epoch  60 | Time    38 | Train Loss 1.3765 | Test Loss 0.001 | Test Error 38.26
Train Loss 0.144
Train Loss 1.356
Train Loss 1.343
Train Loss 1.361
Train Loss 1.345
Train Loss 1.340
Train Loss 1.333
Train Loss 1.355
Epoch  61 | Time    38 | Train Loss 1.3684 | Test Loss 0.001 | Test Error 38.83
Train Loss 0.134
Train Loss 1.347
Train Loss 1.342
Train Loss 1.372
Train Loss 1.379
Train Loss 1.345
Train Loss 1.337
Train Loss 1.367
Epoch  62 | Time    38 | Train Loss 1.3466 | Test Loss 0.001 | Test Error 38.51
Train Loss 0.127
Train Loss 1.334
Train Loss 1.351
Train Loss 1.363
Train Loss 1.324
Train Loss 1.333
Train Loss 1.328
Train Loss 1.333
Epoch  63 | Time    38 | Train Loss 1.3343 | Test Loss 0.001 | Test Error 37.50
Train Loss 0.135
Train Loss 1.346
Train Loss 1.356
Train Loss 1.341
Train Loss 1.340
Train Loss 1.349
Train Loss 1.346
Train Loss 1.350
Epoch  64 | Time    38 | Train Loss 1.4072 | Test Loss 0.001 | Test Error 37.74
Train Loss 0.139
Train Loss 1.326
Train Loss 1.327
Train Loss 1.338
Train Loss 1.361
Train Loss 1.303
Train Loss 1.353
Train Loss 1.302
Epoch  65 | Time    38 | Train Loss 1.3866 | Test Loss 0.001 | Test Error 37.99
Train Loss 0.147
Train Loss 1.373
Train Loss 1.346
Train Loss 1.322
Train Loss 1.325
Train Loss 1.318
Train Loss 1.349
Train Loss 1.289
Epoch  66 | Time    38 | Train Loss 1.3353 | Test Loss 0.001 | Test Error 36.81
Train Loss 0.141
Train Loss 1.306
Train Loss 1.322
Train Loss 1.338
Train Loss 1.351
Train Loss 1.303
Train Loss 1.360
Train Loss 1.336
Epoch  67 | Time    38 | Train Loss 1.3105 | Test Loss 0.001 | Test Error 36.59
Train Loss 0.125
Train Loss 1.294
Train Loss 1.359
Train Loss 1.346
Train Loss 1.334
Train Loss 1.341
Train Loss 1.337
Train Loss 1.314
Epoch  68 | Time    38 | Train Loss 1.3300 | Test Loss 0.001 | Test Error 36.12
Train Loss 0.137
Train Loss 1.271
Train Loss 1.309
Train Loss 1.295
Train Loss 1.329
Train Loss 1.336
Train Loss 1.321
Train Loss 1.299
Epoch  69 | Time    38 | Train Loss 1.3003 | Test Loss 0.001 | Test Error 36.82
Train Loss 0.130
Train Loss 1.306
Train Loss 1.313
Train Loss 1.313
Train Loss 1.334
Train Loss 1.335
Train Loss 1.312
Train Loss 1.328
Epoch  70 | Time    38 | Train Loss 1.3575 | Test Loss 0.001 | Test Error 36.38
Train Loss 0.130
Train Loss 1.298
Train Loss 1.329
Train Loss 1.277
Train Loss 1.289
Train Loss 1.305
Train Loss 1.317
Train Loss 1.297
Epoch  71 | Time    38 | Train Loss 1.3055 | Test Loss 0.001 | Test Error 36.71
Train Loss 0.124
Train Loss 1.332
Train Loss 1.322
Train Loss 1.338
Train Loss 1.292
Train Loss 1.295
Train Loss 1.343
Train Loss 1.297
Epoch  72 | Time    38 | Train Loss 1.3024 | Test Loss 0.001 | Test Error 36.35
Train Loss 0.127
Train Loss 1.301
Train Loss 1.276
Train Loss 1.296
Train Loss 1.251
Train Loss 1.316
Train Loss 1.302
Train Loss 1.322
Epoch  73 | Time    38 | Train Loss 1.2730 | Test Loss 0.001 | Test Error 35.65
Train Loss 0.127
Train Loss 1.311
Train Loss 1.290
Train Loss 1.292
Train Loss 1.269
Train Loss 1.299
Train Loss 1.312
Train Loss 1.321
Epoch  74 | Time    38 | Train Loss 1.2799 | Test Loss 0.001 | Test Error 35.48
Train Loss 0.127
Train Loss 1.279
Train Loss 1.313
Train Loss 1.322
Train Loss 1.304
Train Loss 1.254
Train Loss 1.310
Train Loss 1.281
Epoch  75 | Time    38 | Train Loss 1.3064 | Test Loss 0.001 | Test Error 35.31
Train Loss 0.125
Train Loss 1.262
Train Loss 1.300
Train Loss 1.307
Train Loss 1.286
Train Loss 1.295
Train Loss 1.299
Train Loss 1.283
Epoch  76 | Time    38 | Train Loss 1.2982 | Test Loss 0.001 | Test Error 35.24
Train Loss 0.138
Train Loss 1.289
Train Loss 1.304
Train Loss 1.305
Train Loss 1.308
Train Loss 1.293
Train Loss 1.234
Train Loss 1.290
Epoch  77 | Time    38 | Train Loss 1.2842 | Test Loss 0.001 | Test Error 35.11
Train Loss 0.125
Train Loss 1.257
Train Loss 1.267
Train Loss 1.262
Train Loss 1.309
Train Loss 1.270
Train Loss 1.243
Train Loss 1.283
Epoch  78 | Time    38 | Train Loss 1.2620 | Test Loss 0.001 | Test Error 35.53
Train Loss 0.132
Train Loss 1.307
Train Loss 1.265
Train Loss 1.293
Train Loss 1.259
Train Loss 1.275
Train Loss 1.243
Train Loss 1.257
Epoch  79 | Time    38 | Train Loss 1.2329 | Test Loss 0.001 | Test Error 34.94
Train Loss 0.123
Train Loss 1.270
Train Loss 1.261
Train Loss 1.264
Train Loss 1.286
Train Loss 1.254
Train Loss 1.246
Train Loss 1.231
Epoch  80 | Time    38 | Train Loss 1.2612 | Test Loss 0.001 | Test Error 34.26
Train Loss 0.120
Train Loss 1.237
Train Loss 1.244
Train Loss 1.253
Train Loss 1.254
Train Loss 1.242
Train Loss 1.227
Train Loss 1.267
Epoch  81 | Time    38 | Train Loss 1.2923 | Test Loss 0.001 | Test Error 34.89
Train Loss 0.118
Train Loss 1.251
Train Loss 1.254
Train Loss 1.248
Train Loss 1.249
Train Loss 1.237
Train Loss 1.239
Train Loss 1.248
Epoch  82 | Time    38 | Train Loss 1.2637 | Test Loss 0.001 | Test Error 34.14
Train Loss 0.127
Train Loss 1.237
Train Loss 1.268
Train Loss 1.252
Train Loss 1.264
Train Loss 1.264
Train Loss 1.248
Train Loss 1.226
Epoch  83 | Time    38 | Train Loss 1.2703 | Test Loss 0.001 | Test Error 33.54
Train Loss 0.128
Train Loss 1.255
Train Loss 1.268
Train Loss 1.239
Train Loss 1.226
Train Loss 1.219
Train Loss 1.227
Train Loss 1.237
Epoch  84 | Time    38 | Train Loss 1.2514 | Test Loss 0.001 | Test Error 33.75
Train Loss 0.122
Train Loss 1.249
Train Loss 1.234
Train Loss 1.239
Train Loss 1.247
Train Loss 1.251
Train Loss 1.235
Train Loss 1.218
Epoch  85 | Time    38 | Train Loss 1.2363 | Test Loss 0.001 | Test Error 33.38
Train Loss 0.112
Train Loss 1.251
Train Loss 1.244
Train Loss 1.258
Train Loss 1.244
Train Loss 1.244
Train Loss 1.216
Train Loss 1.241
Epoch  86 | Time    38 | Train Loss 1.2251 | Test Loss 0.001 | Test Error 33.94
Train Loss 0.124
Train Loss 1.231
Train Loss 1.213
Train Loss 1.250
Train Loss 1.235
Train Loss 1.225
Train Loss 1.207
Train Loss 1.238
Epoch  87 | Time    38 | Train Loss 1.2101 | Test Loss 0.001 | Test Error 32.86
Train Loss 0.133
Train Loss 1.205
Train Loss 1.219
Train Loss 1.255
Train Loss 1.228
Train Loss 1.223
Train Loss 1.229
Train Loss 1.225
Epoch  88 | Time    38 | Train Loss 1.2317 | Test Loss 0.001 | Test Error 32.95
Train Loss 0.113
Train Loss 1.204
Train Loss 1.214
Train Loss 1.200
Train Loss 1.226
Train Loss 1.233
Train Loss 1.234
Train Loss 1.214
Epoch  89 | Time    38 | Train Loss 1.2256 | Test Loss 0.001 | Test Error 33.02
Train Loss 0.149
Train Loss 1.185
Train Loss 1.235
Train Loss 1.206
Train Loss 1.214
Train Loss 1.185
Train Loss 1.232
Train Loss 1.218
Epoch  90 | Time    38 | Train Loss 1.2194 | Test Loss 0.001 | Test Error 32.83
Train Loss 0.128
Train Loss 1.184
Train Loss 1.197
Train Loss 1.237
Train Loss 1.210
Train Loss 1.217
Train Loss 1.186
Train Loss 1.207
Epoch  91 | Time    38 | Train Loss 1.1942 | Test Loss 0.001 | Test Error 32.60
Train Loss 0.111
Train Loss 1.180
Train Loss 1.191
Train Loss 1.199
Train Loss 1.222
Train Loss 1.222
Train Loss 1.215
Train Loss 1.206
Epoch  92 | Time    38 | Train Loss 1.1942 | Test Loss 0.001 | Test Error 32.93
Train Loss 0.121
Train Loss 1.176
Train Loss 1.194
Train Loss 1.214
Train Loss 1.174
Train Loss 1.207
Train Loss 1.216
Train Loss 1.217
Epoch  93 | Time    38 | Train Loss 1.1817 | Test Loss 0.001 | Test Error 32.26
Train Loss 0.116
Train Loss 1.179
Train Loss 1.187
Train Loss 1.235
Train Loss 1.214
Train Loss 1.196
Train Loss 1.225
Train Loss 1.182
Epoch  94 | Time    39 | Train Loss 1.2119 | Test Loss 0.001 | Test Error 31.97
Train Loss 0.113
Train Loss 1.190
Train Loss 1.223
Train Loss 1.192
Train Loss 1.170
Train Loss 1.177
Train Loss 1.223
Train Loss 1.223
Epoch  95 | Time    38 | Train Loss 1.1629 | Test Loss 0.001 | Test Error 31.84
Train Loss 0.109
Train Loss 1.186
Train Loss 1.194
Train Loss 1.220
Train Loss 1.169
Train Loss 1.154
Train Loss 1.182
Train Loss 1.211
Epoch  96 | Time    38 | Train Loss 1.1642 | Test Loss 0.001 | Test Error 31.74
Train Loss 0.128
Train Loss 1.221
Train Loss 1.168
Train Loss 1.180
Train Loss 1.176
Train Loss 1.207
Train Loss 1.173
Train Loss 1.137
Epoch  97 | Time    38 | Train Loss 1.1773 | Test Loss 0.001 | Test Error 31.66
Train Loss 0.119
Train Loss 1.162
Train Loss 1.160
Train Loss 1.222
Train Loss 1.221
Train Loss 1.169
Train Loss 1.202
Train Loss 1.177
Epoch  98 | Time    38 | Train Loss 1.2096 | Test Loss 0.001 | Test Error 31.65
Train Loss 0.116
Train Loss 1.183
Train Loss 1.197
Train Loss 1.168
Train Loss 1.180
Train Loss 1.196
Train Loss 1.191
Train Loss 1.217
Epoch  99 | Time    38 | Train Loss 1.2051 | Test Loss 0.001 | Test Error 31.59
Train Loss 0.112
Train Loss 1.217
Train Loss 1.182
Train Loss 1.173
Train Loss 1.177
Train Loss 1.179
Train Loss 1.171
Train Loss 1.210
Epoch 100 | Time    38 | Train Loss 1.1756 | Test Loss 0.001 | Test Error 31.65
gaussian_noise
	Test Loss 0.001 | Test Error 35.606
shot_noise
	Test Loss 0.001 | Test Error 34.400
impulse_noise
	Test Loss 0.001 | Test Error 38.170
defocus_blur
	Test Loss 0.001 | Test Error 32.824
glass_blur
	Test Loss 0.001 | Test Error 35.842
motion_blur
	Test Loss 0.001 | Test Error 35.412
zoom_blur
	Test Loss 0.001 | Test Error 33.850
snow
	Test Loss 0.001 | Test Error 37.384
frost
	Test Loss 0.001 | Test Error 40.300
fog
	Test Loss 0.001 | Test Error 42.918
brightness
	Test Loss 0.001 | Test Error 34.748
contrast
	Test Loss 0.002 | Test Error 51.082
elastic_transform
	Test Loss 0.001 | Test Error 35.178
pixelate
	Test Loss 0.001 | Test Error 32.302
jpeg_compression
	Test Loss 0.001 | Test Error 33.290
Mean Corruption Error: 36.887
