
0.00B [00:00, ?B/s]
  0%|          | 0.00/170M [00:00<?, ?B/s]
  0%|          | 41.0k/170M [00:00<14:10, 200kB/s]
  0%|          | 90.1k/170M [00:00<11:49, 240kB/s]
  0%|          | 205k/170M [00:01<09:05, 312kB/s] 
  0%|          | 418k/170M [00:01<06:47, 417kB/s]
  1%|          | 860k/170M [00:01<04:57, 570kB/s]
  1%|          | 1.73M/170M [00:01<03:33, 790kB/s]
  2%|▏         | 3.48M/170M [00:01<02:31, 1.11MB/s]
  4%|▍         | 6.53M/170M [00:01<01:45, 1.55MB/s]
  6%|▌         | 9.67M/170M [00:01<01:14, 2.16MB/s]
  8%|▊         | 12.8M/170M [00:01<00:52, 2.99MB/s]
  9%|▉         | 15.9M/170M [00:01<00:37, 4.09MB/s]
 11%|█         | 19.1M/170M [00:02<00:27, 5.51MB/s]
 13%|█▎        | 22.2M/170M [00:02<00:20, 7.25MB/s]
 15%|█▍        | 25.4M/170M [00:02<00:15, 9.38MB/s]
 17%|█▋        | 28.4M/170M [00:02<00:12, 11.7MB/s]
 18%|█▊        | 31.3M/170M [00:02<00:10, 13.8MB/s]
 20%|██        | 34.4M/170M [00:02<00:08, 16.3MB/s]
 22%|██▏       | 37.5M/170M [00:02<00:07, 18.8MB/s]
 24%|██▍       | 40.6M/170M [00:02<00:06, 20.9MB/s]
 26%|██▌       | 43.7M/170M [00:02<00:05, 22.6MB/s]
 27%|██▋       | 46.9M/170M [00:03<00:05, 24.1MB/s]
 29%|██▉       | 49.9M/170M [00:03<00:04, 25.2MB/s]
 31%|███       | 53.1M/170M [00:03<00:04, 26.1MB/s]
 33%|███▎      | 56.2M/170M [00:03<00:04, 26.5MB/s]
 35%|███▍      | 59.3M/170M [00:03<00:04, 27.0MB/s]
 37%|███▋      | 62.4M/170M [00:03<00:03, 27.3MB/s]
 38%|███▊      | 65.2M/170M [00:03<00:03, 26.7MB/s]
 40%|███▉      | 68.2M/170M [00:03<00:03, 26.9MB/s]
 42%|████▏     | 71.3M/170M [00:03<00:03, 26.9MB/s]
 44%|████▎     | 74.4M/170M [00:04<00:03, 27.3MB/s]
 45%|████▌     | 77.5M/170M [00:04<00:03, 27.4MB/s]
 47%|████▋     | 80.5M/170M [00:04<00:03, 27.7MB/s]
 49%|████▉     | 83.6M/170M [00:04<00:03, 27.8MB/s]
 51%|█████     | 86.7M/170M [00:04<00:03, 27.9MB/s]
 53%|█████▎    | 89.8M/170M [00:04<00:02, 27.9MB/s]
 54%|█████▍    | 92.8M/170M [00:04<00:02, 28.4MB/s]
 56%|█████▌    | 95.6M/170M [00:04<00:02, 27.5MB/s]
 58%|█████▊    | 98.4M/170M [00:04<00:02, 27.3MB/s]
 59%|█████▉    | 101M/170M [00:05<00:02, 28.0MB/s] 
 61%|██████    | 104M/170M [00:05<00:02, 27.7MB/s]
 63%|██████▎   | 107M/170M [00:05<00:02, 27.8MB/s]
 64%|██████▍   | 110M/170M [00:05<00:02, 27.0MB/s]
 66%|██████▌   | 113M/170M [00:05<00:02, 27.1MB/s]
 68%|██████▊   | 116M/170M [00:05<00:01, 27.6MB/s]
 70%|██████▉   | 119M/170M [00:05<00:01, 28.4MB/s]
 71%|███████▏  | 122M/170M [00:05<00:01, 28.8MB/s]
 73%|███████▎  | 125M/170M [00:05<00:01, 27.9MB/s]
 75%|███████▍  | 127M/170M [00:05<00:01, 27.1MB/s]
 76%|███████▋  | 130M/170M [00:06<00:01, 27.1MB/s]
 78%|███████▊  | 133M/170M [00:06<00:01, 27.3MB/s]
 80%|███████▉  | 136M/170M [00:06<00:01, 28.2MB/s]
 82%|████████▏ | 139M/170M [00:06<00:01, 28.5MB/s]
 83%|████████▎ | 142M/170M [00:06<00:01, 27.6MB/s]
 85%|████████▍ | 145M/170M [00:06<00:00, 26.8MB/s]
 87%|████████▋ | 148M/170M [00:06<00:00, 27.3MB/s]
 88%|████████▊ | 151M/170M [00:06<00:00, 27.5MB/s]
 90%|█████████ | 154M/170M [00:06<00:00, 27.7MB/s]
 92%|█████████▏| 157M/170M [00:07<00:00, 27.7MB/s]
 94%|█████████▍| 160M/170M [00:07<00:00, 27.8MB/s]
 96%|█████████▌| 163M/170M [00:07<00:00, 28.0MB/s]
 97%|█████████▋| 166M/170M [00:07<00:00, 28.0MB/s]
 99%|█████████▉| 169M/170M [00:07<00:00, 28.0MB/s]
171MB [00:07, 22.6MB/s]                           Downloading https://www.cs.toronto.edu/~kriz/cifar-10-python.tar.gz to ./data/cifar/cifar-10-python.tar.gz
Files already downloaded and verified
Beginning training from epoch: 1

Train Loss 0.236
Train Loss 1.959
Train Loss 1.781
Train Loss 1.641
Train Loss 1.581
Train Loss 1.476
Train Loss 1.415
Train Loss 1.323
Epoch   1 | Time    34 | Train Loss 1.3079 | Test Loss 0.001 | Test Error 43.52
Train Loss 0.122
Train Loss 1.266
Train Loss 1.201
Train Loss 1.152
Train Loss 1.106
Train Loss 1.060
Train Loss 1.128
Train Loss 1.015
Epoch   2 | Time    33 | Train Loss 1.0161 | Test Loss 0.001 | Test Error 32.13
Train Loss 0.101
Train Loss 1.000
Train Loss 0.985
Train Loss 0.948
Train Loss 0.911
Train Loss 0.965
Train Loss 0.920
Train Loss 0.901
Epoch   3 | Time    33 | Train Loss 0.9036 | Test Loss 0.001 | Test Error 23.25
Train Loss 0.076
Train Loss 0.924
Train Loss 0.908
Train Loss 0.847
Train Loss 0.798
Train Loss 0.859
Train Loss 0.846
Train Loss 0.828
Epoch   4 | Time    33 | Train Loss 0.8340 | Test Loss 0.001 | Test Error 27.61
Train Loss 0.086
Train Loss 0.835
Train Loss 0.839
Train Loss 0.824
Train Loss 0.813
Train Loss 0.806
Train Loss 0.777
Train Loss 0.792
Epoch   5 | Time    33 | Train Loss 0.8214 | Test Loss 0.001 | Test Error 24.50
Train Loss 0.078
Train Loss 0.796
Train Loss 0.802
Train Loss 0.764
Train Loss 0.773
Train Loss 0.783
Train Loss 0.825
Train Loss 0.730
Epoch   6 | Time    33 | Train Loss 0.7509 | Test Loss 0.001 | Test Error 21.32
Train Loss 0.071
Train Loss 0.745
Train Loss 0.774
Train Loss 0.749
Train Loss 0.748
Train Loss 0.751
Train Loss 0.728
Train Loss 0.754
Epoch   7 | Time    33 | Train Loss 0.7720 | Test Loss 0.001 | Test Error 25.95
Train Loss 0.071
Train Loss 0.716
Train Loss 0.742
Train Loss 0.724
Train Loss 0.721
Train Loss 0.711
Train Loss 0.735
Train Loss 0.710
Epoch   8 | Time    33 | Train Loss 0.7440 | Test Loss 0.001 | Test Error 22.33
Train Loss 0.090
Train Loss 0.713
Train Loss 0.738
Train Loss 0.702
Train Loss 0.655
Train Loss 0.719
Train Loss 0.738
Train Loss 0.763
Epoch   9 | Time    33 | Train Loss 0.7231 | Test Loss 0.001 | Test Error 19.07
Train Loss 0.080
Train Loss 0.663
Train Loss 0.703
Train Loss 0.669
Train Loss 0.696
Train Loss 0.696
Train Loss 0.687
Train Loss 0.666
Epoch  10 | Time    33 | Train Loss 0.6947 | Test Loss 0.001 | Test Error 22.04
Train Loss 0.066
Train Loss 0.651
Train Loss 0.703
Train Loss 0.638
Train Loss 0.671
Train Loss 0.709
Train Loss 0.677
Train Loss 0.690
Epoch  11 | Time    33 | Train Loss 0.7092 | Test Loss 0.001 | Test Error 21.35
Train Loss 0.072
Train Loss 0.655
Train Loss 0.661
Train Loss 0.681
Train Loss 0.689
Train Loss 0.666
Train Loss 0.677
Train Loss 0.647
Epoch  12 | Time    33 | Train Loss 0.6555 | Test Loss 0.001 | Test Error 18.10
Train Loss 0.061
Train Loss 0.694
Train Loss 0.665
Train Loss 0.647
Train Loss 0.626
Train Loss 0.657
Train Loss 0.679
Train Loss 0.688
Epoch  13 | Time    33 | Train Loss 0.6541 | Test Loss 0.001 | Test Error 19.16
Train Loss 0.054
Train Loss 0.659
Train Loss 0.624
Train Loss 0.639
Train Loss 0.661
Train Loss 0.667
Train Loss 0.667
Train Loss 0.609
Epoch  14 | Time    33 | Train Loss 0.6351 | Test Loss 0.001 | Test Error 18.88
Train Loss 0.070
Train Loss 0.648
Train Loss 0.665
Train Loss 0.661
Train Loss 0.642
Train Loss 0.618
Train Loss 0.627
Train Loss 0.610
Epoch  15 | Time    33 | Train Loss 0.6450 | Test Loss 0.000 | Test Error 15.19
Train Loss 0.058
Train Loss 0.614
Train Loss 0.621
Train Loss 0.619
Train Loss 0.627
Train Loss 0.663
Train Loss 0.609
Train Loss 0.627
Epoch  16 | Time    33 | Train Loss 0.6487 | Test Loss 0.000 | Test Error 16.80
Train Loss 0.051
Train Loss 0.625
Train Loss 0.625
Train Loss 0.606
Train Loss 0.641
Train Loss 0.655
Train Loss 0.602
Train Loss 0.610
Epoch  17 | Time    33 | Train Loss 0.6226 | Test Loss 0.001 | Test Error 17.92
Train Loss 0.062
Train Loss 0.614
Train Loss 0.624
Train Loss 0.597
Train Loss 0.640
Train Loss 0.600
Train Loss 0.607
Train Loss 0.648
Epoch  18 | Time    33 | Train Loss 0.6232 | Test Loss 0.001 | Test Error 19.03
Train Loss 0.061
Train Loss 0.625
Train Loss 0.640
Train Loss 0.627
Train Loss 0.629
Train Loss 0.627
Train Loss 0.605
Train Loss 0.577
Epoch  19 | Time    33 | Train Loss 0.6166 | Test Loss 0.001 | Test Error 18.58
Train Loss 0.075
Train Loss 0.586
Train Loss 0.606
Train Loss 0.594
Train Loss 0.605
Train Loss 0.638
Train Loss 0.619
Train Loss 0.611
Epoch  20 | Time    33 | Train Loss 0.5924 | Test Loss 0.001 | Test Error 19.66
Train Loss 0.052
Train Loss 0.610
Train Loss 0.607
Train Loss 0.573
Train Loss 0.630
Train Loss 0.613
Train Loss 0.575
Train Loss 0.605
Epoch  21 | Time    33 | Train Loss 0.6064 | Test Loss 0.000 | Test Error 16.02
Train Loss 0.050
Train Loss 0.600
Train Loss 0.604
Train Loss 0.573
Train Loss 0.601
Train Loss 0.574
Train Loss 0.607
Train Loss 0.581
Epoch  22 | Time    33 | Train Loss 0.6276 | Test Loss 0.001 | Test Error 17.17
Train Loss 0.059
Train Loss 0.601
Train Loss 0.540
Train Loss 0.589
Train Loss 0.611
Train Loss 0.598
Train Loss 0.609
Train Loss 0.580
Epoch  23 | Time    33 | Train Loss 0.5986 | Test Loss 0.000 | Test Error 14.49
Train Loss 0.061
Train Loss 0.577
Train Loss 0.587
Train Loss 0.602
Train Loss 0.562
Train Loss 0.551
Train Loss 0.542
Train Loss 0.565
Epoch  24 | Time    33 | Train Loss 0.6314 | Test Loss 0.000 | Test Error 13.54
Train Loss 0.039
Train Loss 0.566
Train Loss 0.559
Train Loss 0.545
Train Loss 0.584
Train Loss 0.565
Train Loss 0.589
Train Loss 0.580
Epoch  25 | Time    33 | Train Loss 0.5875 | Test Loss 0.000 | Test Error 16.71
Train Loss 0.056
Train Loss 0.575
Train Loss 0.595
Train Loss 0.625
Train Loss 0.590
Train Loss 0.540
Train Loss 0.601
Train Loss 0.588
Epoch  26 | Time    33 | Train Loss 0.5821 | Test Loss 0.000 | Test Error 16.00
Train Loss 0.049
Train Loss 0.572
Train Loss 0.582
Train Loss 0.579
Train Loss 0.541
Train Loss 0.597
Train Loss 0.583
Train Loss 0.570
Epoch  27 | Time    33 | Train Loss 0.5813 | Test Loss 0.000 | Test Error 13.95
Train Loss 0.047
Train Loss 0.531
Train Loss 0.565
Train Loss 0.556
Train Loss 0.540
Train Loss 0.563
Train Loss 0.566
Train Loss 0.565
Epoch  28 | Time    33 | Train Loss 0.5805 | Test Loss 0.000 | Test Error 15.73
Train Loss 0.055
Train Loss 0.550
Train Loss 0.558
Train Loss 0.584
Train Loss 0.540
Train Loss 0.543
Train Loss 0.547
Train Loss 0.556
Epoch  29 | Time    33 | Train Loss 0.5643 | Test Loss 0.000 | Test Error 14.73
Train Loss 0.043
Train Loss 0.549
Train Loss 0.543
Train Loss 0.562
Train Loss 0.570
Train Loss 0.594
Train Loss 0.576
Train Loss 0.578
Epoch  30 | Time    33 | Train Loss 0.5938 | Test Loss 0.001 | Test Error 16.89
Train Loss 0.057
Train Loss 0.554
Train Loss 0.539
Train Loss 0.558
Train Loss 0.552
Train Loss 0.537
Train Loss 0.532
Train Loss 0.568
Epoch  31 | Time    33 | Train Loss 0.5610 | Test Loss 0.000 | Test Error 14.66
Train Loss 0.050
Train Loss 0.569
Train Loss 0.575
Train Loss 0.540
Train Loss 0.529
Train Loss 0.548
Train Loss 0.558
Train Loss 0.553
Epoch  32 | Time    33 | Train Loss 0.5845 | Test Loss 0.000 | Test Error 14.66
Train Loss 0.050
Train Loss 0.528
Train Loss 0.554
Train Loss 0.534
Train Loss 0.511
Train Loss 0.534
Train Loss 0.565
Train Loss 0.554
Epoch  33 | Time    33 | Train Loss 0.5919 | Test Loss 0.000 | Test Error 13.77
Train Loss 0.067
Train Loss 0.525
Train Loss 0.525
Train Loss 0.523
Train Loss 0.533
Train Loss 0.512
Train Loss 0.554
Train Loss 0.533
Epoch  34 | Time    33 | Train Loss 0.5580 | Test Loss 0.000 | Test Error 14.35
Train Loss 0.040
Train Loss 0.514
Train Loss 0.539
Train Loss 0.531
Train Loss 0.507
Train Loss 0.551
Train Loss 0.577
Train Loss 0.540
Epoch  35 | Time    33 | Train Loss 0.5752 | Test Loss 0.000 | Test Error 13.76
Train Loss 0.053
Train Loss 0.540
Train Loss 0.495
Train Loss 0.488
Train Loss 0.514
Train Loss 0.536
Train Loss 0.503
Train Loss 0.488
Epoch  36 | Time    33 | Train Loss 0.6097 | Test Loss 0.000 | Test Error 15.39
Train Loss 0.053
Train Loss 0.459
Train Loss 0.542
Train Loss 0.539
Train Loss 0.496
Train Loss 0.501
Train Loss 0.531
Train Loss 0.508
Epoch  37 | Time    33 | Train Loss 0.5579 | Test Loss 0.000 | Test Error 13.13
Train Loss 0.044
Train Loss 0.496
Train Loss 0.534
Train Loss 0.525
Train Loss 0.559
Train Loss 0.483
Train Loss 0.555
Train Loss 0.518
Epoch  38 | Time    33 | Train Loss 0.5188 | Test Loss 0.000 | Test Error 16.72
Train Loss 0.053
Train Loss 0.513
Train Loss 0.516
Train Loss 0.498
Train Loss 0.504
Train Loss 0.507
Train Loss 0.545
Train Loss 0.532
Epoch  39 | Time    33 | Train Loss 0.5469 | Test Loss 0.000 | Test Error 12.72
Train Loss 0.048
Train Loss 0.494
Train Loss 0.537
Train Loss 0.524
Train Loss 0.512
Train Loss 0.502
Train Loss 0.527
Train Loss 0.462
Epoch  40 | Time    33 | Train Loss 0.5446 | Test Loss 0.000 | Test Error 12.72
Train Loss 0.053
Train Loss 0.465
Train Loss 0.492
Train Loss 0.502
Train Loss 0.505
Train Loss 0.484
Train Loss 0.545
Train Loss 0.539
Epoch  41 | Time    33 | Train Loss 0.5036 | Test Loss 0.000 | Test Error 13.91
Train Loss 0.044
Train Loss 0.485
Train Loss 0.481
Train Loss 0.514
Train Loss 0.484
Train Loss 0.468
Train Loss 0.549
Train Loss 0.511
Epoch  42 | Time    33 | Train Loss 0.5222 | Test Loss 0.000 | Test Error 13.36
Train Loss 0.049
Train Loss 0.461
Train Loss 0.505
Train Loss 0.486
Train Loss 0.503
Train Loss 0.515
Train Loss 0.484
Train Loss 0.492
Epoch  43 | Time    33 | Train Loss 0.5016 | Test Loss 0.000 | Test Error 13.82
Train Loss 0.042
Train Loss 0.474
Train Loss 0.504
Train Loss 0.493
Train Loss 0.458
Train Loss 0.513
Train Loss 0.516
Train Loss 0.472
Epoch  44 | Time    33 | Train Loss 0.5146 | Test Loss 0.000 | Test Error 12.28
Train Loss 0.046
Train Loss 0.460
Train Loss 0.491
Train Loss 0.508
Train Loss 0.497
Train Loss 0.489
Train Loss 0.481
Train Loss 0.481
Epoch  45 | Time    33 | Train Loss 0.5191 | Test Loss 0.000 | Test Error 11.65
Train Loss 0.058
Train Loss 0.494
Train Loss 0.461
Train Loss 0.471
Train Loss 0.497
Train Loss 0.489
Train Loss 0.503
Train Loss 0.457
Epoch  46 | Time    33 | Train Loss 0.4978 | Test Loss 0.000 | Test Error 13.13
Train Loss 0.041
Train Loss 0.466
Train Loss 0.470
Train Loss 0.457
Train Loss 0.448
Train Loss 0.480
Train Loss 0.478
Train Loss 0.485
Epoch  47 | Time    33 | Train Loss 0.4802 | Test Loss 0.000 | Test Error 11.70
Train Loss 0.054
Train Loss 0.473
Train Loss 0.511
Train Loss 0.478
Train Loss 0.462
Train Loss 0.475
Train Loss 0.463
Train Loss 0.456
Epoch  48 | Time    33 | Train Loss 0.4792 | Test Loss 0.000 | Test Error 14.98
Train Loss 0.047
Train Loss 0.484
Train Loss 0.460
Train Loss 0.465
Train Loss 0.468
Train Loss 0.472
Train Loss 0.485
Train Loss 0.463
Epoch  49 | Time    33 | Train Loss 0.4616 | Test Loss 0.000 | Test Error 13.02
Train Loss 0.047
Train Loss 0.455
Train Loss 0.471
Train Loss 0.456
Train Loss 0.453
Train Loss 0.467
Train Loss 0.466
Train Loss 0.468
Epoch  50 | Time    33 | Train Loss 0.4518 | Test Loss 0.000 | Test Error 9.93
Train Loss 0.046
Train Loss 0.448
Train Loss 0.444
Train Loss 0.463
Train Loss 0.433
Train Loss 0.459
Train Loss 0.460
Train Loss 0.453
Epoch  51 | Time    33 | Train Loss 0.4686 | Test Loss 0.000 | Test Error 11.28
Train Loss 0.035
Train Loss 0.469
Train Loss 0.429
Train Loss 0.465
Train Loss 0.465
Train Loss 0.420
Train Loss 0.455
Train Loss 0.447
Epoch  52 | Time    33 | Train Loss 0.4657 | Test Loss 0.000 | Test Error 10.57
Train Loss 0.043
Train Loss 0.453
Train Loss 0.431
Train Loss 0.435
Train Loss 0.442
Train Loss 0.440
Train Loss 0.429
Train Loss 0.469
Epoch  53 | Time    33 | Train Loss 0.4445 | Test Loss 0.000 | Test Error 11.69
Train Loss 0.029
Train Loss 0.457
Train Loss 0.414
Train Loss 0.439
Train Loss 0.430
Train Loss 0.427
Train Loss 0.443
Train Loss 0.411
Epoch  54 | Time    33 | Train Loss 0.4720 | Test Loss 0.000 | Test Error 11.72
Train Loss 0.046
Train Loss 0.420
Train Loss 0.417
Train Loss 0.447
Train Loss 0.425
Train Loss 0.453
Train Loss 0.457
Train Loss 0.427
Epoch  55 | Time    33 | Train Loss 0.4316 | Test Loss 0.000 | Test Error 11.43
Train Loss 0.039
Train Loss 0.416
Train Loss 0.416
Train Loss 0.399
Train Loss 0.431
Train Loss 0.411
Train Loss 0.453
Train Loss 0.407
Epoch  56 | Time    33 | Train Loss 0.4318 | Test Loss 0.000 | Test Error 11.18
Train Loss 0.037
Train Loss 0.436
Train Loss 0.407
Train Loss 0.414
Train Loss 0.420
Train Loss 0.422
Train Loss 0.422
Train Loss 0.410
Epoch  57 | Time    33 | Train Loss 0.4572 | Test Loss 0.000 | Test Error 11.15
Train Loss 0.046
Train Loss 0.393
Train Loss 0.425
Train Loss 0.390
Train Loss 0.399
Train Loss 0.404
Train Loss 0.437
Train Loss 0.428
Epoch  58 | Time    33 | Train Loss 0.4180 | Test Loss 0.000 | Test Error 10.73
Train Loss 0.042
Train Loss 0.415
Train Loss 0.371
Train Loss 0.418
Train Loss 0.423
Train Loss 0.401
Train Loss 0.434
Train Loss 0.414
Epoch  59 | Time    33 | Train Loss 0.4303 | Test Loss 0.000 | Test Error 9.47
Train Loss 0.040
Train Loss 0.369
Train Loss 0.370
Train Loss 0.419
Train Loss 0.413
Train Loss 0.419
Train Loss 0.426
Train Loss 0.387
Epoch  60 | Time    33 | Train Loss 0.4188 | Test Loss 0.000 | Test Error 10.68
Train Loss 0.034
Train Loss 0.350
Train Loss 0.405
Train Loss 0.405
Train Loss 0.382
Train Loss 0.381
Train Loss 0.391
Train Loss 0.364
Epoch  61 | Time    33 | Train Loss 0.3826 | Test Loss 0.000 | Test Error 9.60
Train Loss 0.032
Train Loss 0.370
Train Loss 0.381
Train Loss 0.392
Train Loss 0.387
Train Loss 0.409
Train Loss 0.396
Train Loss 0.392
Epoch  62 | Time    33 | Train Loss 0.3826 | Test Loss 0.000 | Test Error 9.35
Train Loss 0.037
Train Loss 0.374
Train Loss 0.370
Train Loss 0.393
Train Loss 0.384
Train Loss 0.370
Train Loss 0.385
Train Loss 0.394
Epoch  63 | Time    33 | Train Loss 0.4278 | Test Loss 0.000 | Test Error 10.33
Train Loss 0.033
Train Loss 0.347
Train Loss 0.407
Train Loss 0.392
Train Loss 0.359
Train Loss 0.379
Train Loss 0.384
Train Loss 0.378
Epoch  64 | Time    33 | Train Loss 0.3954 | Test Loss 0.000 | Test Error 8.80
Train Loss 0.036
Train Loss 0.359
Train Loss 0.389
Train Loss 0.344
Train Loss 0.366
Train Loss 0.356
Train Loss 0.386
Train Loss 0.357
Epoch  65 | Time    33 | Train Loss 0.3786 | Test Loss 0.000 | Test Error 8.74
Train Loss 0.034
Train Loss 0.303
Train Loss 0.338
Train Loss 0.377
Train Loss 0.364
Train Loss 0.360
Train Loss 0.376
Train Loss 0.360
Epoch  66 | Time    33 | Train Loss 0.3821 | Test Loss 0.000 | Test Error 9.71
Train Loss 0.034
Train Loss 0.349
Train Loss 0.378
Train Loss 0.368
Train Loss 0.313
Train Loss 0.356
Train Loss 0.354
Train Loss 0.346
Epoch  67 | Time    33 | Train Loss 0.3762 | Test Loss 0.000 | Test Error 9.76
Train Loss 0.033
Train Loss 0.341
Train Loss 0.328
Train Loss 0.347
Train Loss 0.384
Train Loss 0.330
Train Loss 0.325
Train Loss 0.353
Epoch  68 | Time    33 | Train Loss 0.3597 | Test Loss 0.000 | Test Error 9.09
Train Loss 0.028
Train Loss 0.324
Train Loss 0.340
Train Loss 0.366
Train Loss 0.356
Train Loss 0.356
Train Loss 0.336
Train Loss 0.318
Epoch  69 | Time    33 | Train Loss 0.3388 | Test Loss 0.000 | Test Error 8.32
Train Loss 0.034
Train Loss 0.326
Train Loss 0.347
Train Loss 0.349
Train Loss 0.335
Train Loss 0.302
Train Loss 0.353
Train Loss 0.315
Epoch  70 | Time    33 | Train Loss 0.3566 | Test Loss 0.000 | Test Error 8.70
Train Loss 0.027
Train Loss 0.306
Train Loss 0.365
Train Loss 0.337
Train Loss 0.383
Train Loss 0.351
Train Loss 0.335
Train Loss 0.294
Epoch  71 | Time    33 | Train Loss 0.3678 | Test Loss 0.000 | Test Error 8.47
Train Loss 0.026
Train Loss 0.315
Train Loss 0.304
Train Loss 0.316
Train Loss 0.314
Train Loss 0.311
Train Loss 0.326
Train Loss 0.336
Epoch  72 | Time    33 | Train Loss 0.3412 | Test Loss 0.000 | Test Error 9.17
Train Loss 0.028
Train Loss 0.325
Train Loss 0.319
Train Loss 0.318
Train Loss 0.299
Train Loss 0.307
Train Loss 0.309
Train Loss 0.309
Epoch  73 | Time    33 | Train Loss 0.2806 | Test Loss 0.000 | Test Error 7.53
Train Loss 0.022
Train Loss 0.266
Train Loss 0.298
Train Loss 0.298
Train Loss 0.294
Train Loss 0.334
Train Loss 0.313
Train Loss 0.297
Epoch  74 | Time    33 | Train Loss 0.2957 | Test Loss 0.000 | Test Error 7.53
Train Loss 0.032
Train Loss 0.303
Train Loss 0.264
Train Loss 0.302
Train Loss 0.286
Train Loss 0.308
Train Loss 0.297
Train Loss 0.304
Epoch  75 | Time    33 | Train Loss 0.3366 | Test Loss 0.000 | Test Error 8.37
Train Loss 0.030
Train Loss 0.271
Train Loss 0.290
Train Loss 0.291
Train Loss 0.278
Train Loss 0.287
Train Loss 0.306
Train Loss 0.292
Epoch  76 | Time    33 | Train Loss 0.2977 | Test Loss 0.000 | Test Error 7.71
Train Loss 0.022
Train Loss 0.281
Train Loss 0.265
Train Loss 0.278
Train Loss 0.248
Train Loss 0.292
Train Loss 0.270
Train Loss 0.306
Epoch  77 | Time    33 | Train Loss 0.2812 | Test Loss 0.000 | Test Error 7.46
Train Loss 0.024
Train Loss 0.261
Train Loss 0.239
Train Loss 0.240
Train Loss 0.278
Train Loss 0.270
Train Loss 0.281
Train Loss 0.268
Epoch  78 | Time    33 | Train Loss 0.2746 | Test Loss 0.000 | Test Error 7.03
Train Loss 0.023
Train Loss 0.265
Train Loss 0.253
Train Loss 0.258
Train Loss 0.245
Train Loss 0.257
Train Loss 0.269
Train Loss 0.272
Epoch  79 | Time    33 | Train Loss 0.2529 | Test Loss 0.000 | Test Error 7.07
Train Loss 0.023
Train Loss 0.248
Train Loss 0.257
Train Loss 0.243
Train Loss 0.225
Train Loss 0.246
Train Loss 0.245
Train Loss 0.242
Epoch  80 | Time    33 | Train Loss 0.2809 | Test Loss 0.000 | Test Error 6.46
Train Loss 0.013
Train Loss 0.245
Train Loss 0.216
Train Loss 0.226
Train Loss 0.222
Train Loss 0.226
Train Loss 0.259
Train Loss 0.225
Epoch  81 | Time    33 | Train Loss 0.2305 | Test Loss 0.000 | Test Error 6.64
Train Loss 0.023
Train Loss 0.229
Train Loss 0.241
Train Loss 0.225
Train Loss 0.228
Train Loss 0.216
Train Loss 0.242
Train Loss 0.225
Epoch  82 | Time    33 | Train Loss 0.2344 | Test Loss 0.000 | Test Error 6.88
Train Loss 0.029
Train Loss 0.208
Train Loss 0.191
Train Loss 0.253
Train Loss 0.225
Train Loss 0.239
Train Loss 0.228
Train Loss 0.248
Epoch  83 | Time    33 | Train Loss 0.2200 | Test Loss 0.000 | Test Error 6.30
Train Loss 0.015
Train Loss 0.202
Train Loss 0.197
Train Loss 0.206
Train Loss 0.204
Train Loss 0.205
Train Loss 0.219
Train Loss 0.219
Epoch  84 | Time    33 | Train Loss 0.2282 | Test Loss 0.000 | Test Error 6.26
Train Loss 0.021
Train Loss 0.199
Train Loss 0.181
Train Loss 0.193
Train Loss 0.203
Train Loss 0.203
Train Loss 0.219
Train Loss 0.190
Epoch  85 | Time    33 | Train Loss 0.2082 | Test Loss 0.000 | Test Error 5.80
Train Loss 0.014
Train Loss 0.165
Train Loss 0.177
Train Loss 0.217
Train Loss 0.185
Train Loss 0.187
Train Loss 0.176
Train Loss 0.188
Epoch  86 | Time    33 | Train Loss 0.1967 | Test Loss 0.000 | Test Error 5.90
Train Loss 0.020
Train Loss 0.193
Train Loss 0.199
Train Loss 0.151
Train Loss 0.171
Train Loss 0.199
Train Loss 0.171
Train Loss 0.170
Epoch  87 | Time    33 | Train Loss 0.2011 | Test Loss 0.000 | Test Error 5.65
Train Loss 0.015
Train Loss 0.168
Train Loss 0.163
Train Loss 0.183
Train Loss 0.170
Train Loss 0.194
Train Loss 0.180
Train Loss 0.160
Epoch  88 | Time    33 | Train Loss 0.1621 | Test Loss 0.000 | Test Error 5.75
Train Loss 0.021
Train Loss 0.169
Train Loss 0.158
Train Loss 0.158
Train Loss 0.164
Train Loss 0.177
Train Loss 0.166
Train Loss 0.159
Epoch  89 | Time    33 | Train Loss 0.1627 | Test Loss 0.000 | Test Error 5.45
Train Loss 0.024
Train Loss 0.149
Train Loss 0.166
Train Loss 0.171
Train Loss 0.170
Train Loss 0.163
Train Loss 0.169
Train Loss 0.145
Epoch  90 | Time    33 | Train Loss 0.1502 | Test Loss 0.000 | Test Error 5.16
Train Loss 0.010
Train Loss 0.138
Train Loss 0.130
Train Loss 0.162
Train Loss 0.156
Train Loss 0.136
Train Loss 0.156
Train Loss 0.144
Epoch  91 | Time    33 | Train Loss 0.1529 | Test Loss 0.000 | Test Error 5.25
Train Loss 0.019
Train Loss 0.157
Train Loss 0.137
Train Loss 0.148
Train Loss 0.128
Train Loss 0.155
Train Loss 0.144
Train Loss 0.147
Epoch  92 | Time    33 | Train Loss 0.1642 | Test Loss 0.000 | Test Error 5.08
Train Loss 0.011
Train Loss 0.129
Train Loss 0.137
Train Loss 0.141
Train Loss 0.139
Train Loss 0.119
Train Loss 0.132
Train Loss 0.126
Epoch  93 | Time    33 | Train Loss 0.1376 | Test Loss 0.000 | Test Error 4.96
Train Loss 0.010
Train Loss 0.133
Train Loss 0.127
Train Loss 0.121
Train Loss 0.130
Train Loss 0.129
Train Loss 0.143
Train Loss 0.114
Epoch  94 | Time    33 | Train Loss 0.1184 | Test Loss 0.000 | Test Error 5.04
Train Loss 0.007
Train Loss 0.123
Train Loss 0.110
Train Loss 0.114
Train Loss 0.117
Train Loss 0.112
Train Loss 0.140
Train Loss 0.118
Epoch  95 | Time    33 | Train Loss 0.1162 | Test Loss 0.000 | Test Error 4.67
Train Loss 0.017
Train Loss 0.116
Train Loss 0.111
Train Loss 0.122
Train Loss 0.122
Train Loss 0.109
Train Loss 0.117
Train Loss 0.096
Epoch  96 | Time    33 | Train Loss 0.1025 | Test Loss 0.000 | Test Error 4.76
Train Loss 0.011
Train Loss 0.101
Train Loss 0.127
Train Loss 0.105
Train Loss 0.109
Train Loss 0.112
Train Loss 0.113
Train Loss 0.099
Epoch  97 | Time    33 | Train Loss 0.1171 | Test Loss 0.000 | Test Error 4.74
Train Loss 0.012
Train Loss 0.105
Train Loss 0.115
Train Loss 0.128
Train Loss 0.110
Train Loss 0.111
Train Loss 0.111
Train Loss 0.110
Epoch  98 | Time    33 | Train Loss 0.1224 | Test Loss 0.000 | Test Error 4.74
Train Loss 0.012
Train Loss 0.106
Train Loss 0.097
Train Loss 0.120
Train Loss 0.094
Train Loss 0.103
Train Loss 0.123
Train Loss 0.109
Epoch  99 | Time    33 | Train Loss 0.1057 | Test Loss 0.000 | Test Error 4.63
Train Loss 0.008
Train Loss 0.101
Train Loss 0.107
Train Loss 0.107
Train Loss 0.121
Train Loss 0.118
Train Loss 0.121
Train Loss 0.092
Epoch 100 | Time    33 | Train Loss 0.1408 | Test Loss 0.000 | Test Error 4.65
gaussian_noise
	Test Loss 0.001 | Test Error 18.872
shot_noise
	Test Loss 0.001 | Test Error 14.104
impulse_noise
	Test Loss 0.000 | Test Error 11.730
defocus_blur
	Test Loss 0.000 | Test Error 5.714
glass_blur
	Test Loss 0.001 | Test Error 19.064
motion_blur
	Test Loss 0.000 | Test Error 7.600
zoom_blur
	Test Loss 0.000 | Test Error 6.820
snow
	Test Loss 0.000 | Test Error 10.008
frost
	Test Loss 0.000 | Test Error 10.350
fog
	Test Loss 0.000 | Test Error 8.030
brightness
	Test Loss 0.000 | Test Error 5.564
contrast
	Test Loss 0.000 | Test Error 8.562
elastic_transform
	Test Loss 0.000 | Test Error 9.532
pixelate
	Test Loss 0.000 | Test Error 12.224
jpeg_compression
	Test Loss 0.000 | Test Error 12.406
Mean Corruption Error: 10.705
